<?xml version="1.0" encoding="UTF-8"?>
<testsuite xmlns:xsi="http://www.w3.org/2001/XMLSchema-instance" xsi:noNamespaceSchemaLocation="https://maven.apache.org/surefire/maven-surefire-plugin/xsd/surefire-test-report-3.0.xsd" version="3.0" name="TestRunner.Run" time="33.177" tests="2" errors="0" skipped="0" failures="0">
  <properties>
[...]
</properties>
  <testcase name="runScenario[&quot;Search Customer by Name&quot;, &quot;Customers&quot;](1)" classname="TestRunner.Run" time="21.806">
    <system-out><![CDATA[Setup-Sanity method executed..
[DEBUG] Removing resolution chrome=110 from cache (expired on Fri Feb 17 17:32:25 IST 2023)
[DEBUG] ex-0000000001 preparing request execution
[DEBUG] ex-0000000001 Cookie spec selected: strict
[DEBUG] ex-0000000001 Auth cache not set in the context
[DEBUG] ex-0000000001 target auth state: UNCHALLENGED
[DEBUG] ex-0000000001 proxy auth state: UNCHALLENGED
[DEBUG] ex-0000000001 acquiring connection with route {s}->https://raw.githubusercontent.com:443
[DEBUG] ex-0000000001 acquiring endpoint (3 MINUTES)
[DEBUG] ex-0000000001 endpoint lease request (3 MINUTES) [route: {s}->https://raw.githubusercontent.com:443][total available: 0; route allocated: 0 of 5; total allocated: 0 of 25]
[DEBUG] ex-0000000001 endpoint leased [route: {s}->https://raw.githubusercontent.com:443][total available: 0; route allocated: 1 of 5; total allocated: 1 of 25]
[DEBUG] ex-0000000001 acquired ep-0000000000
[DEBUG] ex-0000000001 acquired endpoint ep-0000000000
[DEBUG] ex-0000000001 opening connection {s}->https://raw.githubusercontent.com:443
[DEBUG] ep-0000000000 connecting endpoint (30 SECONDS)
[DEBUG] ep-0000000000 connecting endpoint to https://raw.githubusercontent.com:443 (30 SECONDS)
[DEBUG] http-outgoing-0 connecting to raw.githubusercontent.com/185.199.108.133:443
[DEBUG] Connecting socket to raw.githubusercontent.com/185.199.108.133:443 with timeout 30 SECONDS
[DEBUG] Enabled protocols: [TLSv1.3, TLSv1.2]
[DEBUG] Enabled cipher suites: [TLS_AES_256_GCM_SHA384, TLS_AES_128_GCM_SHA256, TLS_CHACHA20_POLY1305_SHA256, TLS_ECDHE_ECDSA_WITH_AES_256_GCM_SHA384, TLS_ECDHE_ECDSA_WITH_AES_128_GCM_SHA256, TLS_ECDHE_ECDSA_WITH_CHACHA20_POLY1305_SHA256, TLS_ECDHE_RSA_WITH_AES_256_GCM_SHA384, TLS_ECDHE_RSA_WITH_CHACHA20_POLY1305_SHA256, TLS_ECDHE_RSA_WITH_AES_128_GCM_SHA256, TLS_DHE_RSA_WITH_AES_256_GCM_SHA384, TLS_DHE_RSA_WITH_CHACHA20_POLY1305_SHA256, TLS_DHE_DSS_WITH_AES_256_GCM_SHA384, TLS_DHE_RSA_WITH_AES_128_GCM_SHA256, TLS_DHE_DSS_WITH_AES_128_GCM_SHA256, TLS_ECDHE_ECDSA_WITH_AES_256_CBC_SHA384, TLS_ECDHE_RSA_WITH_AES_256_CBC_SHA384, TLS_ECDHE_ECDSA_WITH_AES_128_CBC_SHA256, TLS_ECDHE_RSA_WITH_AES_128_CBC_SHA256, TLS_DHE_RSA_WITH_AES_256_CBC_SHA256, TLS_DHE_DSS_WITH_AES_256_CBC_SHA256, TLS_DHE_RSA_WITH_AES_128_CBC_SHA256, TLS_DHE_DSS_WITH_AES_128_CBC_SHA256, TLS_ECDH_ECDSA_WITH_AES_256_GCM_SHA384, TLS_ECDH_RSA_WITH_AES_256_GCM_SHA384, TLS_ECDH_ECDSA_WITH_AES_128_GCM_SHA256, TLS_ECDH_RSA_WITH_AES_128_GCM_SHA256, TLS_ECDH_ECDSA_WITH_AES_256_CBC_SHA384, TLS_ECDH_RSA_WITH_AES_256_CBC_SHA384, TLS_ECDH_ECDSA_WITH_AES_128_CBC_SHA256, TLS_ECDH_RSA_WITH_AES_128_CBC_SHA256, TLS_ECDHE_ECDSA_WITH_AES_256_CBC_SHA, TLS_ECDHE_RSA_WITH_AES_256_CBC_SHA, TLS_ECDHE_ECDSA_WITH_AES_128_CBC_SHA, TLS_ECDHE_RSA_WITH_AES_128_CBC_SHA, TLS_DHE_RSA_WITH_AES_256_CBC_SHA, TLS_DHE_DSS_WITH_AES_256_CBC_SHA, TLS_DHE_RSA_WITH_AES_128_CBC_SHA, TLS_DHE_DSS_WITH_AES_128_CBC_SHA, TLS_ECDH_ECDSA_WITH_AES_256_CBC_SHA, TLS_ECDH_RSA_WITH_AES_256_CBC_SHA, TLS_ECDH_ECDSA_WITH_AES_128_CBC_SHA, TLS_ECDH_RSA_WITH_AES_128_CBC_SHA, TLS_RSA_WITH_AES_256_GCM_SHA384, TLS_RSA_WITH_AES_128_GCM_SHA256, TLS_RSA_WITH_AES_256_CBC_SHA256, TLS_RSA_WITH_AES_128_CBC_SHA256, TLS_RSA_WITH_AES_256_CBC_SHA, TLS_RSA_WITH_AES_128_CBC_SHA, TLS_EMPTY_RENEGOTIATION_INFO_SCSV]
[DEBUG] Starting handshake
[DEBUG] Secure session established
[DEBUG]  negotiated protocol: TLSv1.3
[DEBUG]  negotiated cipher suite: TLS_AES_128_GCM_SHA256
[DEBUG]  peer principal: CN=*.github.io, O="GitHub, Inc.", L=San Francisco, ST=California, C=US
[DEBUG]  peer alternative names: [*.github.io, github.com, *.github.com, www.github.com, github.io, githubusercontent.com, *.githubusercontent.com]
[DEBUG]  issuer principal: CN=DigiCert TLS RSA SHA256 2020 CA1, O=DigiCert Inc, C=US
[DEBUG] http-outgoing-0 connection established 192.168.1.107:58090<->185.199.108.133:443
[DEBUG] ep-0000000000 connected http-outgoing-0
[DEBUG] ep-0000000000 endpoint connected
[DEBUG] ex-0000000001 executing GET /bonigarcia/webdrivermanager/master/src/main/resources/commands.properties HTTP/1.1
[DEBUG] ep-0000000000 start execution ex-0000000001
[DEBUG] ep-0000000000 executing exchange ex-0000000001 over http-outgoing-0
[DEBUG] http-outgoing-0 >> GET /bonigarcia/webdrivermanager/master/src/main/resources/commands.properties HTTP/1.1
[DEBUG] http-outgoing-0 >> user-agent: Apache-HttpClient/5.0
[DEBUG] http-outgoing-0 >> accept-encoding: gzip, deflate, br
[DEBUG] http-outgoing-0 >> cache-control: max-age=0
[DEBUG] http-outgoing-0 >> connection: keep-alive
[DEBUG] http-outgoing-0 >> Host: raw.githubusercontent.com
[DEBUG] http-outgoing-0 >> "GET /bonigarcia/webdrivermanager/master/src/main/resources/commands.properties HTTP/1.1[\r][\n]"
[DEBUG] http-outgoing-0 >> "user-agent: Apache-HttpClient/5.0[\r][\n]"
[DEBUG] http-outgoing-0 >> "accept-encoding: gzip, deflate, br[\r][\n]"
[DEBUG] http-outgoing-0 >> "cache-control: max-age=0[\r][\n]"
[DEBUG] http-outgoing-0 >> "connection: keep-alive[\r][\n]"
[DEBUG] http-outgoing-0 >> "Host: raw.githubusercontent.com[\r][\n]"
[DEBUG] http-outgoing-0 >> "[\r][\n]"
[DEBUG] http-outgoing-0 << "HTTP/1.1 200 OK[\r][\n]"
[DEBUG] http-outgoing-0 << "Connection: keep-alive[\r][\n]"
[DEBUG] http-outgoing-0 << "Content-Length: 723[\r][\n]"
[DEBUG] http-outgoing-0 << "Cache-Control: max-age=300[\r][\n]"
[DEBUG] http-outgoing-0 << "Content-Security-Policy: default-src 'none'; style-src 'unsafe-inline'; sandbox[\r][\n]"
[DEBUG] http-outgoing-0 << "Content-Type: text/plain; charset=utf-8[\r][\n]"
[DEBUG] http-outgoing-0 << "ETag: W/"e82b438271e9e8680c688b0b680efd0bdd22faa6d6f0a32fc1fd8accc486b67e"[\r][\n]"
[DEBUG] http-outgoing-0 << "Strict-Transport-Security: max-age=31536000[\r][\n]"
[DEBUG] http-outgoing-0 << "X-Content-Type-Options: nosniff[\r][\n]"
[DEBUG] http-outgoing-0 << "X-Frame-Options: deny[\r][\n]"
[DEBUG] http-outgoing-0 << "X-XSS-Protection: 1; mode=block[\r][\n]"
[DEBUG] http-outgoing-0 << "X-GitHub-Request-Id: 4752:7057:D8E6:D0089:63F24AA3[\r][\n]"
[DEBUG] http-outgoing-0 << "Content-Encoding: gzip[\r][\n]"
[DEBUG] http-outgoing-0 << "Accept-Ranges: bytes[\r][\n]"
[DEBUG] http-outgoing-0 << "Date: Mon, 20 Feb 2023 06:23:22 GMT[\r][\n]"
[DEBUG] http-outgoing-0 << "Via: 1.1 varnish[\r][\n]"
[DEBUG] http-outgoing-0 << "X-Served-By: cache-del21738-DEL[\r][\n]"
[DEBUG] http-outgoing-0 << "X-Cache: HIT[\r][\n]"
[DEBUG] http-outgoing-0 << "X-Cache-Hits: 5[\r][\n]"
[DEBUG] http-outgoing-0 << "X-Timer: S1676874203.688809,VS0,VE0[\r][\n]"
[DEBUG] http-outgoing-0 << "Vary: Authorization,Accept-Encoding,Origin[\r][\n]"
[DEBUG] http-outgoing-0 << "Access-Control-Allow-Origin: *[\r][\n]"
[DEBUG] http-outgoing-0 << "X-Fastly-Request-ID: b67103a8d17c42f0c1fc03397367bd060e68f223[\r][\n]"
[DEBUG] http-outgoing-0 << "Expires: Mon, 20 Feb 2023 06:28:22 GMT[\r][\n]"
[DEBUG] http-outgoing-0 << "Source-Age: 297[\r][\n]"
[DEBUG] http-outgoing-0 << "[\r][\n]"
[DEBUG] http-outgoing-0 << HTTP/1.1 200 OK
[DEBUG] http-outgoing-0 << Connection: keep-alive
[DEBUG] http-outgoing-0 << Content-Length: 723
[DEBUG] http-outgoing-0 << Cache-Control: max-age=300
[DEBUG] http-outgoing-0 << Content-Security-Policy: default-src 'none'; style-src 'unsafe-inline'; sandbox
[DEBUG] http-outgoing-0 << Content-Type: text/plain; charset=utf-8
[DEBUG] http-outgoing-0 << ETag: W/"e82b438271e9e8680c688b0b680efd0bdd22faa6d6f0a32fc1fd8accc486b67e"
[DEBUG] http-outgoing-0 << Strict-Transport-Security: max-age=31536000
[DEBUG] http-outgoing-0 << X-Content-Type-Options: nosniff
[DEBUG] http-outgoing-0 << X-Frame-Options: deny
[DEBUG] http-outgoing-0 << X-XSS-Protection: 1; mode=block
[DEBUG] http-outgoing-0 << X-GitHub-Request-Id: 4752:7057:D8E6:D0089:63F24AA3
[DEBUG] http-outgoing-0 << Content-Encoding: gzip
[DEBUG] http-outgoing-0 << Accept-Ranges: bytes
[DEBUG] http-outgoing-0 << Date: Mon, 20 Feb 2023 06:23:22 GMT
[DEBUG] http-outgoing-0 << Via: 1.1 varnish
[DEBUG] http-outgoing-0 << X-Served-By: cache-del21738-DEL
[DEBUG] http-outgoing-0 << X-Cache: HIT
[DEBUG] http-outgoing-0 << X-Cache-Hits: 5
[DEBUG] http-outgoing-0 << X-Timer: S1676874203.688809,VS0,VE0
[DEBUG] http-outgoing-0 << Vary: Authorization,Accept-Encoding,Origin
[DEBUG] http-outgoing-0 << Access-Control-Allow-Origin: *
[DEBUG] http-outgoing-0 << X-Fastly-Request-ID: b67103a8d17c42f0c1fc03397367bd060e68f223
[DEBUG] http-outgoing-0 << Expires: Mon, 20 Feb 2023 06:28:22 GMT
[DEBUG] http-outgoing-0 << Source-Age: 297
[DEBUG] ex-0000000001 connection can be kept alive for 3 MINUTES
[DEBUG] http-outgoing-0 << "[0x1f][0xffffff8b][0x8][0x0][0x0][0x0][0x0][0x0][0x0][0x3][0xffffffb5]V]o[0xffffffda]0[0x14]}[0xffffffe7]W\[0xffffff81]*[0xffffffb5][0x12][0x1f][[M[0xffffffd3]$[0x1e]hF[0xffffffbb]i [0x18][0xffffffb4][0xffffffdd]&[0xfffffff9][0xffffffc5]$7[0xffffffc1]R[0x12]#;[0xffffff94]v[0xffffffbf]~[0xffffffb6][0xfffffff3]1[0xffffff92][0xffffff9a][0xffffffc1][0x1a]x[0xffffffcb][0xffffffb5][0xffffffaf][0xffffffcf]9[0xffffffbe][0xfffffff7]8v[0xb][0x1c][0x1e]E4[0xfffffff6]$x4[0xffffffa1][0xb]*[0xffffffb1][0xffffffd1][0xffffff82][0xfffffffb]%[0xffffff93][0xffffffe0][0xffffffb3][0x10][0xffffffc1][0xffffffe5]qBY,!Y[0xffffffea] KM8,[0x10][0xfffffff0][0x19][0xffffffdd]u[0xffffff82][0x1e][0xffffffb0][0xffffffd8]L[0xffffffcb]%[0xffffff86][0xffffffa1][0xe][0xffffffb8][0xfffffff0]P[0xffffffe8]$[0xf][0x13]t[0x13]3[0xfffffff9][0xffffff84]B2[0xffffffae][0xffffffe6]|@[0xfffffff5][0x1d][0x8][0xffffffc4][0x18][0x16][0xffffff82]o[0xffffffa4][0xffffff9a]P[0xffffff94][0xffffffe7][0xffffffce]R[0xfffffff0][0x8][0xffffffdb]p[0xffffffcb][0x4][0xfffffffa][0xfffffffc][0xffffffb9][\r][0xffffff93][0x15][\n]"
[DEBUG] http-outgoing-0 << "[0xffffffda][0xffffff86][0xffffffa1][0x17][0xffffffa8]Q3[0xffffffcb][0xffffffd6][0xffffffd1][0xffffff85][0xffffffc6][0xfffffff7][0xffffff98][0xffffffef][0xffffffa3][0xffffffc0]8[0x1][0xffffffae]s[0x12][0x16][0x7] _d[0xffffff82][0xffffff91][0xffffff84][0xfffffff3][0x1f],[0xfffffff6][0x14]j[0x1b]F,^+[0xffffff98]1ua2[0xffffffbf]h([0xffffff8e][0xffffff94][0xffffffa2][0xffffff91]m[0xffffffa3][0xffffffeb][0xffffff9a][0xffffffb0][0xffffffbb]I[0x17]t[0xffffffdf][0xffffffbd][0xffffffef][0xffffffbb][0xffffff91][0xffffffd7]U[0xffffffbb][0xffffff82][0xffffff9e][0x3][0xffffff9b][0xffffff88][0xffffffb9][0xffffffa6]$[0xffffffa6][0xc][0xffffff9b][0xffffffa5][0xffffffe2][0xffffff83][0xffffff98]F[0xffffffd8]o[0xffffff9e]Mg[0xffffff93][0xffffffbb][0xffffffd9]`|[0xfffffffb]u4[0xffffff9c][0x7f]"}B[0xffffffce][0x8][0xffffffb9][0xffffffe3]<[0x8][0xffffff91][0xffffff90][0xffffff94][0xffffff82][0xffffff90][0xffffffc1]j[0x15]2WI[0xffffffe3]1![0x19][0xffffff91]BnB[0xffffff80][0x9]<f[0xffffffb5][0xffffffe8]=[0xffffffd1]p[0xffffffbd][[0xffffffcf][0xffffffe5][0x1b][0xfffffff4][0xffffff9c][0xffffffff][0xfffffffc][0xfffffff8][0xffffffe1][0xffffffe2][0xffffff94][0xffffffa2][0xffffffae][0xe][0x14]5[0xffffff9a]8[0xffffff83][0xffffffd1]`:[0xfffffffd]<[0xffffffb8][0x1f][0xffffff9c]R[0xffffffcf]u[0x7f]6[0xffffffbc][0xffffff83][0xffffffef][0xf][0xffffffc3][0xffffffd9]/[0xfffffff8][0xfffffff2][0xffffffcd]y s[0xffffffee]'[0x1b]*0g[0xffffffcb][0xffffffc8]nF7H][0xffffff83][0xffffff97]{[0xffffffb1]Q[0x5][\r][0xffffffb5]c[0xffffffb4][0xf][0x2][0xffffffb3][0xffffffb4][0xffffff93][0xe]C[0xffffffa7][0xffffffb3]kAD][0xffffff9d][0xffffffde][0xffffffdb][0xffffffda][0xffffff88][0xffffffec][0xffffffa5][0xffffffbc][0xffffff99][0xffffffd9][0xffffffba]t[0xffffffb5][0xffffffea]9[0xffffffea][0x10])[0xffffffb7][0xffffffca][0xffffff9e][0xfffffff2][0xffffffe2]d^N[0xffffffd8]FW[0x16][0xffffffcd][0xffffffdc]_[0x10][0xfffffff9]i|[0x1c][0xffffff93][0xffffff8e][0xfffffff9]o[0x16][0xffffff86]4'!$G[0xffffffdf]W[0xfffffff4]W*j[[0xfffffff3]xR[0xffffffae][0xffffffb6][0xc][0xffffffd0],; #[0xffffffa9][0xffffff92]5[0xffffffb5][0x7][0xffffff9c][0xffffffb5][0xffffffd0][0x7f][0xffffff90][0xffffffc7]jgs[0xfffffffc][0xffffffc2][0xb][0xffffffd9][0x0]t[0xffffff9e]^'Y[0xfffffffb][0xffffff9f][0xffffffb1][0xffffffd8]:[0xffffffbf][0xffffff8d][0xffffffa5][0xffffff9a][0xffffffad][0x7f]m[0x5]&[0xffffffaa][0xffffffa0]^[0xffffff9b][0xffffffcb][0x5]f[0xffffffae][0xffffffe0]RU[0xffffff82][0x10]MS9l[0xffffff91]4t[0xfffffffb][0xffffff8a]][0xffffffd6][0xfffffff4][0xffffff96][0xffffffa6][0xffffff9f]P[0xffffffce][0xffffffd5][0xffffffce][0xffffff93][0xffffffff][0xffffff97][0xffffffcc]p[0xfffffffd][0xfffffff3][0xffffffe8][0x1b][0xffffffcc][0xffffffa2][0xffffffd9]Q[0xffffffbe][0xffffffb2][0xffffffa3][0xffffffc7]m'[0xffffffdf][0xffffffe4][[0xfffffffb]^[0xffffffb0][0xffffff9a][0xffffffbe][0xffffffda][0xffffffda]_[0xffffffce][0xffffff80][0xffffffd2][0xffffffc1]7[0xffffffb7]][0xffffffc1]b[0xffffffee][0xffffffb5][0xffffffff]w[0xffffff83][0xffffffed][0xffffffa7];[0x15]<[0x10]4[0xffffff92][0xffffff84][0x18][\n]"
[DEBUG] http-outgoing-0 << "BB[0xffffffba][0xffffff8e]][0xffffffb5]jo[0xffffffb9]+"[0xffffffea][0xffffffb4][0xffffffff]h"[0xffffffea]\?5[0xffffffa9][0xffffffaf]k[0xffffffec][0xffffffff]P[0xffffffea][\n]"
[DEBUG] http-outgoing-0 << "w[0xffffffe1]K[0x13][0xffffffda][0xffffffec][0xffffff98][0xffffffe6]Y[0xfffffffd]h8m6[0xffffff9c]T[0xffffffc1][0xfffffff2][0xffffffa7][0xffffff91]z_[0xffffff95]o85p[0x1c][0x13][0xffffffe6][0xfffffff0]5[0xffffffee][0xfffffffc][0xffffff92][0xffffff96][0xffffffda][0xfffffff7][0xffffffcf][0xffffffb1][0x5][0x1d][0xffffffea]K[0xffffff9b]9[0xffffff8e][0xffffffad]e[0xfffffff7][0xffffff93][0xffffffa8]`[0xffffffda][0xffffffff][0x1a][0xffffffd2][0xffffff88][0xffffff85][0xfffffffd][0xfffffff2][0xffffff91]N[0xfffffff6]`[0xffffffdf]2[0xffffffcf][0xffffffae]E[0xffffff97][0xffffffc5][0xffffffa2][0xffffff9d][0xffffffef]'[0xffffff9d]mun.[0xffffffd3]f^[0xffffffc7][0xffffff82][0xffffffda][0xffffff82]9[0xfffffff5][0xffffffa9]`[0x5][0xffffffbc]4[0xffffffa1][0x1d]<M[0xffffffb5]A[0xffffffa7]3[[0xffffffc0][0x7f][0x0][0xffffffc1][0xffffffd0]$[0xffffff85][0x1d][\r][0x0][0x0]"
[DEBUG] ep-0000000000 releasing valid endpoint
[DEBUG] ep-0000000000 releasing endpoint
[DEBUG] ep-0000000000 connection http-outgoing-0 can be kept alive for 3 MINUTES
[DEBUG] ep-0000000000 connection released [route: {s}->https://raw.githubusercontent.com:443][total available: 1; route allocated: 1 of 5; total allocated: 1 of 25]
[DEBUG] Detecting chrome version using online commands.properties
[DEBUG] Running command on the shell: [cmd.exe, /C, wmic, datafile, where, name="%PROGRAMFILES:\=\\%\\Google\\Chrome\\Application\\chrome.exe", get, Version, /value]
[DEBUG] Result: Version=110.0.5481.104
[DEBUG] Removing resolution chrome110=110.0.5481.77 from cache (expired on Sat Feb 18 11:19:21 IST 2023)
[DEBUG] ex-0000000002 preparing request execution
[DEBUG] ex-0000000002 Cookie spec selected: strict
[DEBUG] ex-0000000002 Auth cache not set in the context
[DEBUG] ex-0000000002 target auth state: UNCHALLENGED
[DEBUG] ex-0000000002 proxy auth state: UNCHALLENGED
[DEBUG] ex-0000000002 acquiring connection with route {s}->https://chromedriver.storage.googleapis.com:443
[DEBUG] ex-0000000002 acquiring endpoint (3 MINUTES)
[DEBUG] ex-0000000002 endpoint lease request (3 MINUTES) [route: {s}->https://chromedriver.storage.googleapis.com:443][total available: 1; route allocated: 0 of 5; total allocated: 1 of 25]
[DEBUG] ex-0000000002 endpoint leased [route: {s}->https://chromedriver.storage.googleapis.com:443][total available: 1; route allocated: 1 of 5; total allocated: 2 of 25]
[DEBUG] ex-0000000002 acquired ep-0000000001
[DEBUG] ex-0000000002 acquired endpoint ep-0000000001
[DEBUG] ex-0000000002 opening connection {s}->https://chromedriver.storage.googleapis.com:443
[DEBUG] ep-0000000001 connecting endpoint (30 SECONDS)
[DEBUG] ep-0000000001 connecting endpoint to https://chromedriver.storage.googleapis.com:443 (30 SECONDS)
[DEBUG] http-outgoing-1 connecting to chromedriver.storage.googleapis.com/142.250.206.176:443
[DEBUG] Connecting socket to chromedriver.storage.googleapis.com/142.250.206.176:443 with timeout 30 SECONDS
[DEBUG] Enabled protocols: [TLSv1.3, TLSv1.2]
[DEBUG] Enabled cipher suites: [TLS_AES_256_GCM_SHA384, TLS_AES_128_GCM_SHA256, TLS_CHACHA20_POLY1305_SHA256, TLS_ECDHE_ECDSA_WITH_AES_256_GCM_SHA384, TLS_ECDHE_ECDSA_WITH_AES_128_GCM_SHA256, TLS_ECDHE_ECDSA_WITH_CHACHA20_POLY1305_SHA256, TLS_ECDHE_RSA_WITH_AES_256_GCM_SHA384, TLS_ECDHE_RSA_WITH_CHACHA20_POLY1305_SHA256, TLS_ECDHE_RSA_WITH_AES_128_GCM_SHA256, TLS_DHE_RSA_WITH_AES_256_GCM_SHA384, TLS_DHE_RSA_WITH_CHACHA20_POLY1305_SHA256, TLS_DHE_DSS_WITH_AES_256_GCM_SHA384, TLS_DHE_RSA_WITH_AES_128_GCM_SHA256, TLS_DHE_DSS_WITH_AES_128_GCM_SHA256, TLS_ECDHE_ECDSA_WITH_AES_256_CBC_SHA384, TLS_ECDHE_RSA_WITH_AES_256_CBC_SHA384, TLS_ECDHE_ECDSA_WITH_AES_128_CBC_SHA256, TLS_ECDHE_RSA_WITH_AES_128_CBC_SHA256, TLS_DHE_RSA_WITH_AES_256_CBC_SHA256, TLS_DHE_DSS_WITH_AES_256_CBC_SHA256, TLS_DHE_RSA_WITH_AES_128_CBC_SHA256, TLS_DHE_DSS_WITH_AES_128_CBC_SHA256, TLS_ECDH_ECDSA_WITH_AES_256_GCM_SHA384, TLS_ECDH_RSA_WITH_AES_256_GCM_SHA384, TLS_ECDH_ECDSA_WITH_AES_128_GCM_SHA256, TLS_ECDH_RSA_WITH_AES_128_GCM_SHA256, TLS_ECDH_ECDSA_WITH_AES_256_CBC_SHA384, TLS_ECDH_RSA_WITH_AES_256_CBC_SHA384, TLS_ECDH_ECDSA_WITH_AES_128_CBC_SHA256, TLS_ECDH_RSA_WITH_AES_128_CBC_SHA256, TLS_ECDHE_ECDSA_WITH_AES_256_CBC_SHA, TLS_ECDHE_RSA_WITH_AES_256_CBC_SHA, TLS_ECDHE_ECDSA_WITH_AES_128_CBC_SHA, TLS_ECDHE_RSA_WITH_AES_128_CBC_SHA, TLS_DHE_RSA_WITH_AES_256_CBC_SHA, TLS_DHE_DSS_WITH_AES_256_CBC_SHA, TLS_DHE_RSA_WITH_AES_128_CBC_SHA, TLS_DHE_DSS_WITH_AES_128_CBC_SHA, TLS_ECDH_ECDSA_WITH_AES_256_CBC_SHA, TLS_ECDH_RSA_WITH_AES_256_CBC_SHA, TLS_ECDH_ECDSA_WITH_AES_128_CBC_SHA, TLS_ECDH_RSA_WITH_AES_128_CBC_SHA, TLS_RSA_WITH_AES_256_GCM_SHA384, TLS_RSA_WITH_AES_128_GCM_SHA256, TLS_RSA_WITH_AES_256_CBC_SHA256, TLS_RSA_WITH_AES_128_CBC_SHA256, TLS_RSA_WITH_AES_256_CBC_SHA, TLS_RSA_WITH_AES_128_CBC_SHA, TLS_EMPTY_RENEGOTIATION_INFO_SCSV]
[DEBUG] Starting handshake
[DEBUG] Secure session established
[DEBUG]  negotiated protocol: TLSv1.3
[DEBUG]  negotiated cipher suite: TLS_AES_256_GCM_SHA384
[DEBUG]  peer principal: CN=*.storage.googleapis.com
[DEBUG]  peer alternative names: [*.storage.googleapis.com, *.googleapis.com, commondatastorage.googleapis.com, *.commondatastorage.googleapis.com, storage.googleapis.com, storage-p2.googleapis.com, *.storage-p2.googleapis.com, storage.mtls.googleapis.com, *.appspot.com.storage.googleapis.com, *.content-storage.googleapis.com, *.content-storage-p2.googleapis.com, *.content-storage-upload.googleapis.com, *.content-storage-download.googleapis.com, *.storage-upload.googleapis.com, *.storage-download.googleapis.com]
[DEBUG]  issuer principal: CN=GTS CA 1C3, O=Google Trust Services LLC, C=US
[DEBUG] http-outgoing-1 connection established 192.168.1.107:58091<->142.250.206.176:443
[DEBUG] ep-0000000001 connected http-outgoing-1
[DEBUG] ep-0000000001 endpoint connected
[DEBUG] ex-0000000002 executing GET /LATEST_RELEASE_110 HTTP/1.1
[DEBUG] ep-0000000001 start execution ex-0000000002
[DEBUG] ep-0000000001 executing exchange ex-0000000002 over http-outgoing-1
[DEBUG] http-outgoing-1 >> GET /LATEST_RELEASE_110 HTTP/1.1
[DEBUG] http-outgoing-1 >> user-agent: Apache-HttpClient/5.0
[DEBUG] http-outgoing-1 >> accept-encoding: gzip, deflate, br
[DEBUG] http-outgoing-1 >> cache-control: max-age=0
[DEBUG] http-outgoing-1 >> connection: keep-alive
[DEBUG] http-outgoing-1 >> Host: chromedriver.storage.googleapis.com
[DEBUG] http-outgoing-1 >> "GET /LATEST_RELEASE_110 HTTP/1.1[\r][\n]"
[DEBUG] http-outgoing-1 >> "user-agent: Apache-HttpClient/5.0[\r][\n]"
[DEBUG] http-outgoing-1 >> "accept-encoding: gzip, deflate, br[\r][\n]"
[DEBUG] http-outgoing-1 >> "cache-control: max-age=0[\r][\n]"
[DEBUG] http-outgoing-1 >> "connection: keep-alive[\r][\n]"
[DEBUG] http-outgoing-1 >> "Host: chromedriver.storage.googleapis.com[\r][\n]"
[DEBUG] http-outgoing-1 >> "[\r][\n]"
[DEBUG] http-outgoing-1 << "HTTP/1.1 200 OK[\r][\n]"
[DEBUG] http-outgoing-1 << "X-GUploader-UploadID: ADPycdttIiSkavSLFI12EJmMpzyvKXCfCRrduslYz3RA_re2X6_rBVVKminCT9GjRzV2MEKM3jvEaRjMl0FAPyQk_zbdGiW4m83C[\r][\n]"
[DEBUG] http-outgoing-1 << "x-goog-generation: 1675843673711119[\r][\n]"
[DEBUG] http-outgoing-1 << "x-goog-metageneration: 1[\r][\n]"
[DEBUG] http-outgoing-1 << "x-goog-stored-content-encoding: identity[\r][\n]"
[DEBUG] http-outgoing-1 << "x-goog-stored-content-length: 13[\r][\n]"
[DEBUG] http-outgoing-1 << "x-goog-hash: crc32c=AZE9hw==[\r][\n]"
[DEBUG] http-outgoing-1 << "x-goog-hash: md5=/HJdpcBGegAQlGbP5/WAtA==[\r][\n]"
[DEBUG] http-outgoing-1 << "x-goog-storage-class: STANDARD[\r][\n]"
[DEBUG] http-outgoing-1 << "Accept-Ranges: bytes[\r][\n]"
[DEBUG] http-outgoing-1 << "Content-Length: 13[\r][\n]"
[DEBUG] http-outgoing-1 << "Server: UploadServer[\r][\n]"
[DEBUG] http-outgoing-1 << "Date: Mon, 20 Feb 2023 05:26:39 GMT[\r][\n]"
[DEBUG] http-outgoing-1 << "Expires: Mon, 20 Feb 2023 06:26:39 GMT[\r][\n]"
[DEBUG] http-outgoing-1 << "Cache-Control: public, max-age=3600[\r][\n]"
[DEBUG] http-outgoing-1 << "Age: 3404[\r][\n]"
[DEBUG] http-outgoing-1 << "Last-Modified: Wed, 08 Feb 2023 08:07:53 GMT[\r][\n]"
[DEBUG] http-outgoing-1 << "ETag: "fc725da5c0467a00109466cfe7f580b4"[\r][\n]"
[DEBUG] http-outgoing-1 << "Content-Type: text/plain[\r][\n]"
[DEBUG] http-outgoing-1 << "Alt-Svc: h3=":443"; ma=2592000,h3-29=":443"; ma=2592000,h3-Q050=":443"; ma=2592000,h3-Q046=":443"; ma=2592000,h3-Q043=":443"; ma=2592000,quic=":443"; ma=2592000; v="46,43"[\r][\n]"
[DEBUG] http-outgoing-1 << "[\r][\n]"
[DEBUG] http-outgoing-1 << "110.0.5481.77"
[DEBUG] http-outgoing-1 << HTTP/1.1 200 OK
[DEBUG] http-outgoing-1 << X-GUploader-UploadID: ADPycdttIiSkavSLFI12EJmMpzyvKXCfCRrduslYz3RA_re2X6_rBVVKminCT9GjRzV2MEKM3jvEaRjMl0FAPyQk_zbdGiW4m83C
[DEBUG] http-outgoing-1 << x-goog-generation: 1675843673711119
[DEBUG] http-outgoing-1 << x-goog-metageneration: 1
[DEBUG] http-outgoing-1 << x-goog-stored-content-encoding: identity
[DEBUG] http-outgoing-1 << x-goog-stored-content-length: 13
[DEBUG] http-outgoing-1 << x-goog-hash: crc32c=AZE9hw==
[DEBUG] http-outgoing-1 << x-goog-hash: md5=/HJdpcBGegAQlGbP5/WAtA==
[DEBUG] http-outgoing-1 << x-goog-storage-class: STANDARD
[DEBUG] http-outgoing-1 << Accept-Ranges: bytes
[DEBUG] http-outgoing-1 << Content-Length: 13
[DEBUG] http-outgoing-1 << Server: UploadServer
[DEBUG] http-outgoing-1 << Date: Mon, 20 Feb 2023 05:26:39 GMT
[DEBUG] http-outgoing-1 << Expires: Mon, 20 Feb 2023 06:26:39 GMT
[DEBUG] http-outgoing-1 << Cache-Control: public, max-age=3600
[DEBUG] http-outgoing-1 << Age: 3404
[DEBUG] http-outgoing-1 << Last-Modified: Wed, 08 Feb 2023 08:07:53 GMT
[DEBUG] http-outgoing-1 << ETag: "fc725da5c0467a00109466cfe7f580b4"
[DEBUG] http-outgoing-1 << Content-Type: text/plain
[DEBUG] http-outgoing-1 << Alt-Svc: h3=":443"; ma=2592000,h3-29=":443"; ma=2592000,h3-Q050=":443"; ma=2592000,h3-Q046=":443"; ma=2592000,h3-Q043=":443"; ma=2592000,quic=":443"; ma=2592000; v="46,43"
[DEBUG] ex-0000000002 connection can be kept alive for 3 MINUTES
[DEBUG] ep-0000000001 releasing valid endpoint
[DEBUG] ep-0000000001 releasing endpoint
[DEBUG] ep-0000000001 connection http-outgoing-1 can be kept alive for 3 MINUTES
[DEBUG] ep-0000000001 connection released [route: {s}->https://chromedriver.storage.googleapis.com:443][total available: 2; route allocated: 1 of 5; total allocated: 2 of 25]
[DEBUG] Latest version of chromedriver according to https://chromedriver.storage.googleapis.com/LATEST_RELEASE_110 is 110.0.5481.77
[INFO] Using chromedriver 110.0.5481.77 (resolved driver for Chrome 110)
[DEBUG] Storing resolution chrome=110 in cache (valid until 12:53:23 20/02/2023 IST)
[DEBUG] Storing resolution chrome110=110.0.5481.77 in cache (valid until 11:53:23 21/02/2023 IST)
[DEBUG] Driver chromedriver 110.0.5481.77 found in cache
[INFO] Exporting webdriver.chrome.driver as C:\Users\Akhil Dhasmana\.cache\selenium\chromedriver\win32\110.0.5481.77\chromedriver.exe
[DEBUG] Using SLF4J as the default logging framework
[DEBUG] -Dio.netty.leakDetection.level: simple
[DEBUG] -Dio.netty.leakDetection.targetRecords: 4
[DEBUG] Loaded default ResourceLeakDetector: io.netty.util.ResourceLeakDetector@1bf14704
[DEBUG] -Dio.netty.noUnsafe: false
[DEBUG] Java version: 19
[DEBUG] sun.misc.Unsafe.theUnsafe: available
[DEBUG] sun.misc.Unsafe.copyMemory: available
[DEBUG] sun.misc.Unsafe.storeFence: available
[DEBUG] java.nio.Buffer.address: available
[DEBUG] direct buffer constructor: unavailable: Reflective setAccessible(true) disabled
[DEBUG] java.nio.Bits.unaligned: available, true
[DEBUG] jdk.internal.misc.Unsafe.allocateUninitializedArray(int): unavailable: class io.netty.util.internal.PlatformDependent0$7 cannot access class jdk.internal.misc.Unsafe (in module java.base) because module java.base does not export jdk.internal.misc to unnamed module @64bf3bbf
[DEBUG] java.nio.DirectByteBuffer.<init>(long, int): unavailable
[DEBUG] sun.misc.Unsafe: available
[DEBUG] maxDirectMemory: 4271898624 bytes (maybe)
[DEBUG] -Dio.netty.tmpdir: C:\Users\AKHILD~1\AppData\Local\Temp (java.io.tmpdir)
[DEBUG] -Dio.netty.bitMode: 64 (sun.arch.data.model)
[DEBUG] Platform: Windows
[DEBUG] -Dio.netty.maxDirectMemory: -1 bytes
[DEBUG] -Dio.netty.uninitializedArrayAllocationThreshold: -1
[DEBUG] java.nio.ByteBuffer.cleaner(): available
[DEBUG] -Dio.netty.noPreferDirect: false
[DEBUG] org.jctools-core.MpscChunkedArrayQueue: available
[DEBUG] -Dio.netty.threadLocalMap.stringBuilder.initialSize: 1024
[DEBUG] -Dio.netty.threadLocalMap.stringBuilder.maxSize: 4096
[DEBUG] Default protocols (JDK): [TLSv1.3, TLSv1.2] 
[DEBUG] Default cipher suites (JDK): [TLS_ECDHE_ECDSA_WITH_AES_256_GCM_SHA384, TLS_ECDHE_ECDSA_WITH_AES_128_GCM_SHA256, TLS_ECDHE_RSA_WITH_AES_128_GCM_SHA256, TLS_ECDHE_RSA_WITH_AES_256_GCM_SHA384, TLS_ECDHE_RSA_WITH_AES_128_CBC_SHA, TLS_ECDHE_RSA_WITH_AES_256_CBC_SHA, TLS_RSA_WITH_AES_128_GCM_SHA256, TLS_RSA_WITH_AES_128_CBC_SHA, TLS_RSA_WITH_AES_256_CBC_SHA, TLS_AES_128_GCM_SHA256, TLS_AES_256_GCM_SHA384]
[DEBUG] -Dio.netty.eventLoopThreads: 8
[DEBUG] -Dio.netty.noKeySetOptimization: false
[DEBUG] -Dio.netty.selectorAutoRebuildThreshold: 512
[DEBUG] -Dio.netty.allocator.numHeapArenas: 8
[DEBUG] -Dio.netty.allocator.numDirectArenas: 8
[DEBUG] -Dio.netty.allocator.pageSize: 8192
[DEBUG] -Dio.netty.allocator.maxOrder: 9
[DEBUG] -Dio.netty.allocator.chunkSize: 4194304
[DEBUG] -Dio.netty.allocator.smallCacheSize: 256
[DEBUG] -Dio.netty.allocator.normalCacheSize: 64
[DEBUG] -Dio.netty.allocator.maxCachedBufferCapacity: 32768
[DEBUG] -Dio.netty.allocator.cacheTrimInterval: 8192
[DEBUG] -Dio.netty.allocator.cacheTrimIntervalMillis: 0
[DEBUG] -Dio.netty.allocator.useCacheForAllThreads: false
[DEBUG] -Dio.netty.allocator.maxCachedByteBuffersPerChunk: 1023
[DEBUG] -Dio.netty.allocator.type: pooled
[DEBUG] -Dio.netty.threadLocalDirectBufferSize: 0
[DEBUG] -Dio.netty.maxThreadLocalCharBufferSize: 16384
[DEBUG] -Dio.netty.processId: 16044 (auto-detected)
[DEBUG] -Djava.net.preferIPv4Stack: false
[DEBUG] -Djava.net.preferIPv6Addresses: false
[DEBUG] Loopback interface: lo (Software Loopback Interface 1, 127.0.0.1)
[DEBUG] Failed to get SOMAXCONN from sysctl and file \proc\sys\net\core\somaxconn. Default: 200
[DEBUG] -Dio.netty.machineId: 98:90:96:ff:fe:99:2e:22 (auto-detected)
[DEBUG] -Dio.netty.buffer.checkAccessible: true
[DEBUG] -Dio.netty.buffer.checkBounds: true
[DEBUG] Loaded default ResourceLeakDetector: io.netty.util.ResourceLeakDetector@40e459d2
[DEBUG] Using new Channel '[id: 0x8d0d9ca7, L:/127.0.0.1:58099 - R:localhost/127.0.0.1:49282]' for 'POST' to '/session'
[DEBUG] -Dio.netty.recycler.maxCapacityPerThread: 4096
[DEBUG] -Dio.netty.recycler.ratio: 8
[DEBUG] -Dio.netty.recycler.chunkSize: 32
[DEBUG] -Dio.netty.recycler.blocking: false
[DEBUG] brotli4j not in the classpath; Brotli support will be unavailable.
[DEBUG] 

Request DefaultHttpRequest(decodeResult: success, version: HTTP/1.1)
POST /session HTTP/1.1
User-Agent: selenium/4.2.1 (java windows)
Content-Length: 365
Content-Type: application/json; charset=utf-8
host: localhost:49282
accept: */*

Response DefaultHttpResponse(decodeResult: success, version: HTTP/1.1)
HTTP/1.1 200 OK
Content-Type: application/json; charset=utf-8
cache-control: no-cache
content-length: 793

[DEBUG] Adding key: http://localhost:49282 for channel [id: 0x8d0d9ca7, L:/127.0.0.1:58099 - R:localhost/127.0.0.1:49282]
[DEBUG] Entry count for : http://localhost:49282 : 1
[DEBUG] Using new Channel '[id: 0x51d7967b, L:/127.0.0.1:58107 - R:localhost/127.0.0.1:58100]' for 'GET' to '/json/version'
[DEBUG] 

Request DefaultFullHttpRequest(decodeResult: success, version: HTTP/1.1, content: EmptyByteBufBE)
GET /json/version HTTP/1.1
User-Agent: selenium/4.2.1 (java windows)
host: localhost:58100
accept: */*

Response DefaultHttpResponse(decodeResult: success, version: HTTP/1.1)
HTTP/1.1 200 OK
Content-Security-Policy: frame-ancestors 'none'
Content-Type: application/json; charset=UTF-8
content-length: 424

[DEBUG] Adding key: http://localhost:58100 for channel [id: 0x51d7967b, L:/127.0.0.1:58107 - R:localhost/127.0.0.1:58100]
[DEBUG] -Dio.netty.initialSeedUniquifier: 0x42fbaea9cab5b6c0
[DEBUG] Using new Channel '[id: 0xfe9bffee, L:/127.0.0.1:58108 - R:localhost/127.0.0.1:58100]' for 'GET' to '/devtools/browser/cc7f994c-ce5b-474e-835b-da8f4f1f4424'
[DEBUG] 

Request DefaultFullHttpRequest(decodeResult: success, version: HTTP/1.1, content: EmptyByteBufBE)
GET /devtools/browser/cc7f994c-ce5b-474e-835b-da8f4f1f4424 HTTP/1.1
upgrade: websocket
connection: upgrade
sec-websocket-key: WKkAs3J5XWynFUUGPmaGcg==
sec-websocket-version: 13
origin: http://localhost:58100
host: localhost:58100
accept: */*
user-agent: AHC/2.1

Response DefaultHttpResponse(decodeResult: success, version: HTTP/1.1)
HTTP/1.1 101 WebSocket Protocol Handshake
Upgrade: WebSocket
Connection: Upgrade
Sec-WebSocket-Accept: JbWI2+9MFsIIDZUGrj1B37CDNa8=

[DEBUG] Using pooled Channel '[id: 0x8d0d9ca7, L:/127.0.0.1:58099 - R:localhost/127.0.0.1:49282]' for 'POST' to 'http://localhost:49282/session/aff8f8974cccbb9fa2295bd49c8ce42a/url'
[DEBUG] Using open Channel [id: 0x8d0d9ca7, L:/127.0.0.1:58099 - R:localhost/127.0.0.1:49282] for POST '/session/aff8f8974cccbb9fa2295bd49c8ce42a/url'
[DEBUG] Entry count for : http://localhost:58100 : 1
[DEBUG] 

Request DefaultHttpRequest(decodeResult: success, version: HTTP/1.1)
POST /session/aff8f8974cccbb9fa2295bd49c8ce42a/url HTTP/1.1
User-Agent: selenium/4.2.1 (java windows)
Content-Length: 69
Content-Type: application/json; charset=utf-8
host: localhost:49282
accept: */*

Response DefaultHttpResponse(decodeResult: success, version: HTTP/1.1)
HTTP/1.1 200 OK
Content-Type: application/json; charset=utf-8
cache-control: no-cache
content-length: 14

[DEBUG] Adding key: http://localhost:49282 for channel [id: 0x8d0d9ca7, L:/127.0.0.1:58099 - R:localhost/127.0.0.1:49282]
[DEBUG] Using pooled Channel '[id: 0x8d0d9ca7, L:/127.0.0.1:58099 - R:localhost/127.0.0.1:49282]' for 'POST' to 'http://localhost:49282/session/aff8f8974cccbb9fa2295bd49c8ce42a/element'
[DEBUG] Using open Channel [id: 0x8d0d9ca7, L:/127.0.0.1:58099 - R:localhost/127.0.0.1:49282] for POST '/session/aff8f8974cccbb9fa2295bd49c8ce42a/element'
[DEBUG] 

Request DefaultHttpRequest(decodeResult: success, version: HTTP/1.1)
POST /session/aff8f8974cccbb9fa2295bd49c8ce42a/element HTTP/1.1
User-Agent: selenium/4.2.1 (java windows)
Content-Length: 50
Content-Type: application/json; charset=utf-8
host: localhost:49282
accept: */*

Response DefaultHttpResponse(decodeResult: success, version: HTTP/1.1)
HTTP/1.1 200 OK
Content-Type: application/json; charset=utf-8
cache-control: no-cache
content-length: 88

[DEBUG] Adding key: http://localhost:49282 for channel [id: 0x8d0d9ca7, L:/127.0.0.1:58099 - R:localhost/127.0.0.1:49282]
[DEBUG] Using pooled Channel '[id: 0x8d0d9ca7, L:/127.0.0.1:58099 - R:localhost/127.0.0.1:49282]' for 'POST' to 'http://localhost:49282/session/aff8f8974cccbb9fa2295bd49c8ce42a/element/12a616ab-6ad3-42b1-b94c-54534945d676/clear'
[DEBUG] Using open Channel [id: 0x8d0d9ca7, L:/127.0.0.1:58099 - R:localhost/127.0.0.1:49282] for POST '/session/aff8f8974cccbb9fa2295bd49c8ce42a/element/12a616ab-6ad3-42b1-b94c-54534945d676/clear'
[DEBUG] 

Request DefaultHttpRequest(decodeResult: success, version: HTTP/1.1)
POST /session/aff8f8974cccbb9fa2295bd49c8ce42a/element/12a616ab-6ad3-42b1-b94c-54534945d676/clear HTTP/1.1
User-Agent: selenium/4.2.1 (java windows)
Content-Length: 50
Content-Type: application/json; charset=utf-8
host: localhost:49282
accept: */*

Response DefaultHttpResponse(decodeResult: success, version: HTTP/1.1)
HTTP/1.1 200 OK
Content-Type: application/json; charset=utf-8
cache-control: no-cache
content-length: 14

[DEBUG] Adding key: http://localhost:49282 for channel [id: 0x8d0d9ca7, L:/127.0.0.1:58099 - R:localhost/127.0.0.1:49282]
[DEBUG] Using pooled Channel '[id: 0x8d0d9ca7, L:/127.0.0.1:58099 - R:localhost/127.0.0.1:49282]' for 'POST' to 'http://localhost:49282/session/aff8f8974cccbb9fa2295bd49c8ce42a/element'
[DEBUG] Using open Channel [id: 0x8d0d9ca7, L:/127.0.0.1:58099 - R:localhost/127.0.0.1:49282] for POST '/session/aff8f8974cccbb9fa2295bd49c8ce42a/element'
[DEBUG] 

Request DefaultHttpRequest(decodeResult: success, version: HTTP/1.1)
POST /session/aff8f8974cccbb9fa2295bd49c8ce42a/element HTTP/1.1
User-Agent: selenium/4.2.1 (java windows)
Content-Length: 50
Content-Type: application/json; charset=utf-8
host: localhost:49282
accept: */*

Response DefaultHttpResponse(decodeResult: success, version: HTTP/1.1)
HTTP/1.1 200 OK
Content-Type: application/json; charset=utf-8
cache-control: no-cache
content-length: 88

[DEBUG] Adding key: http://localhost:49282 for channel [id: 0x8d0d9ca7, L:/127.0.0.1:58099 - R:localhost/127.0.0.1:49282]
[DEBUG] Using pooled Channel '[id: 0x8d0d9ca7, L:/127.0.0.1:58099 - R:localhost/127.0.0.1:49282]' for 'POST' to 'http://localhost:49282/session/aff8f8974cccbb9fa2295bd49c8ce42a/element/12a616ab-6ad3-42b1-b94c-54534945d676/value'
[DEBUG] Using open Channel [id: 0x8d0d9ca7, L:/127.0.0.1:58099 - R:localhost/127.0.0.1:49282] for POST '/session/aff8f8974cccbb9fa2295bd49c8ce42a/element/12a616ab-6ad3-42b1-b94c-54534945d676/value'
[DEBUG] Entry count for : http://localhost:58100 : 1
[DEBUG] 

Request DefaultHttpRequest(decodeResult: success, version: HTTP/1.1)
POST /session/aff8f8974cccbb9fa2295bd49c8ce42a/element/12a616ab-6ad3-42b1-b94c-54534945d676/value HTTP/1.1
User-Agent: selenium/4.2.1 (java windows)
Content-Length: 271
Content-Type: application/json; charset=utf-8
host: localhost:49282
accept: */*

Response DefaultHttpResponse(decodeResult: success, version: HTTP/1.1)
HTTP/1.1 200 OK
Content-Type: application/json; charset=utf-8
cache-control: no-cache
content-length: 14

[DEBUG] Adding key: http://localhost:49282 for channel [id: 0x8d0d9ca7, L:/127.0.0.1:58099 - R:localhost/127.0.0.1:49282]
[DEBUG] Using pooled Channel '[id: 0x8d0d9ca7, L:/127.0.0.1:58099 - R:localhost/127.0.0.1:49282]' for 'POST' to 'http://localhost:49282/session/aff8f8974cccbb9fa2295bd49c8ce42a/element'
[DEBUG] Using open Channel [id: 0x8d0d9ca7, L:/127.0.0.1:58099 - R:localhost/127.0.0.1:49282] for POST '/session/aff8f8974cccbb9fa2295bd49c8ce42a/element'
[DEBUG] 

Request DefaultHttpRequest(decodeResult: success, version: HTTP/1.1)
POST /session/aff8f8974cccbb9fa2295bd49c8ce42a/element HTTP/1.1
User-Agent: selenium/4.2.1 (java windows)
Content-Length: 53
Content-Type: application/json; charset=utf-8
host: localhost:49282
accept: */*

Response DefaultHttpResponse(decodeResult: success, version: HTTP/1.1)
HTTP/1.1 200 OK
Content-Type: application/json; charset=utf-8
cache-control: no-cache
content-length: 88

[DEBUG] Adding key: http://localhost:49282 for channel [id: 0x8d0d9ca7, L:/127.0.0.1:58099 - R:localhost/127.0.0.1:49282]
[DEBUG] Using pooled Channel '[id: 0x8d0d9ca7, L:/127.0.0.1:58099 - R:localhost/127.0.0.1:49282]' for 'POST' to 'http://localhost:49282/session/aff8f8974cccbb9fa2295bd49c8ce42a/element/34d00b3a-5339-40fb-a3e8-f129d95dcb99/clear'
[DEBUG] Using open Channel [id: 0x8d0d9ca7, L:/127.0.0.1:58099 - R:localhost/127.0.0.1:49282] for POST '/session/aff8f8974cccbb9fa2295bd49c8ce42a/element/34d00b3a-5339-40fb-a3e8-f129d95dcb99/clear'
[DEBUG] 

Request DefaultHttpRequest(decodeResult: success, version: HTTP/1.1)
POST /session/aff8f8974cccbb9fa2295bd49c8ce42a/element/34d00b3a-5339-40fb-a3e8-f129d95dcb99/clear HTTP/1.1
User-Agent: selenium/4.2.1 (java windows)
Content-Length: 50
Content-Type: application/json; charset=utf-8
host: localhost:49282
accept: */*

Response DefaultHttpResponse(decodeResult: success, version: HTTP/1.1)
HTTP/1.1 200 OK
Content-Type: application/json; charset=utf-8
cache-control: no-cache
content-length: 14

[DEBUG] Adding key: http://localhost:49282 for channel [id: 0x8d0d9ca7, L:/127.0.0.1:58099 - R:localhost/127.0.0.1:49282]
[DEBUG] Using pooled Channel '[id: 0x8d0d9ca7, L:/127.0.0.1:58099 - R:localhost/127.0.0.1:49282]' for 'POST' to 'http://localhost:49282/session/aff8f8974cccbb9fa2295bd49c8ce42a/element'
[DEBUG] Using open Channel [id: 0x8d0d9ca7, L:/127.0.0.1:58099 - R:localhost/127.0.0.1:49282] for POST '/session/aff8f8974cccbb9fa2295bd49c8ce42a/element'
[DEBUG] 

Request DefaultHttpRequest(decodeResult: success, version: HTTP/1.1)
POST /session/aff8f8974cccbb9fa2295bd49c8ce42a/element HTTP/1.1
User-Agent: selenium/4.2.1 (java windows)
Content-Length: 53
Content-Type: application/json; charset=utf-8
host: localhost:49282
accept: */*

Response DefaultHttpResponse(decodeResult: success, version: HTTP/1.1)
HTTP/1.1 200 OK
Content-Type: application/json; charset=utf-8
cache-control: no-cache
content-length: 88

[DEBUG] Adding key: http://localhost:49282 for channel [id: 0x8d0d9ca7, L:/127.0.0.1:58099 - R:localhost/127.0.0.1:49282]
[DEBUG] Using pooled Channel '[id: 0x8d0d9ca7, L:/127.0.0.1:58099 - R:localhost/127.0.0.1:49282]' for 'POST' to 'http://localhost:49282/session/aff8f8974cccbb9fa2295bd49c8ce42a/element/34d00b3a-5339-40fb-a3e8-f129d95dcb99/value'
[DEBUG] Using open Channel [id: 0x8d0d9ca7, L:/127.0.0.1:58099 - R:localhost/127.0.0.1:49282] for POST '/session/aff8f8974cccbb9fa2295bd49c8ce42a/element/34d00b3a-5339-40fb-a3e8-f129d95dcb99/value'
[DEBUG] 

Request DefaultHttpRequest(decodeResult: success, version: HTTP/1.1)
POST /session/aff8f8974cccbb9fa2295bd49c8ce42a/element/34d00b3a-5339-40fb-a3e8-f129d95dcb99/value HTTP/1.1
User-Agent: selenium/4.2.1 (java windows)
Content-Length: 131
Content-Type: application/json; charset=utf-8
host: localhost:49282
accept: */*

Response DefaultHttpResponse(decodeResult: success, version: HTTP/1.1)
HTTP/1.1 200 OK
Content-Type: application/json; charset=utf-8
cache-control: no-cache
content-length: 14

[DEBUG] Adding key: http://localhost:49282 for channel [id: 0x8d0d9ca7, L:/127.0.0.1:58099 - R:localhost/127.0.0.1:49282]

@Sanity
Scenario: Search Customer by Name                                        # Features/Customers.feature:33
  Given User Launch Chrome browser                                       # StepDefinition.StepDef.user_launch_chrome_browser()
  When User opens URL "http://admin-demo.nopcommerce.com/login"          # StepDefinition.StepDef.user_opens_url(java.lang.String)
  And User enters Email as "admin@yourstore.com" and Password as "admin" # StepDefinition.StepDef.user_enters_email_as_and_password_as(java.[DEBUG] Using pooled Channel '[id: 0x8d0d9ca7, L:/127.0.0.1:58099 - R:localhost/127.0.0.1:49282]' for 'POST' to 'http://localhost:49282/session/aff8f8974cccbb9fa2295bd49c8ce42a/element'
[DEBUG] Using open Channel [id: 0x8d0d9ca7, L:/127.0.0.1:58099 - R:localhost/127.0.0.1:49282] for POST '/session/aff8f8974cccbb9fa2295bd49c8ce42a/element'
[DEBUG] 

Request DefaultHttpRequest(decodeResult: success, version: HTTP/1.1)
POST /session/aff8f8974cccbb9fa2295bd49c8ce42a/element HTTP/1.1
User-Agent: selenium/4.2.1 (java windows)
Content-Length: 87
Content-Type: application/json; charset=utf-8
host: localhost:49282
accept: */*

Response DefaultHttpResponse(decodeResult: success, version: HTTP/1.1)
HTTP/1.1 200 OK
Content-Type: application/json; charset=utf-8
cache-control: no-cache
content-length: 88

[DEBUG] Adding key: http://localhost:49282 for channel [id: 0x8d0d9ca7, L:/127.0.0.1:58099 - R:localhost/127.0.0.1:49282]
[DEBUG] Using pooled Channel '[id: 0x8d0d9ca7, L:/127.0.0.1:58099 - R:localhost/127.0.0.1:49282]' for 'POST' to 'http://localhost:49282/session/aff8f8974cccbb9fa2295bd49c8ce42a/element/987aa041-29b4-4bda-874f-b31eb6ad6f33/click'
[DEBUG] Using open Channel [id: 0x8d0d9ca7, L:/127.0.0.1:58099 - R:localhost/127.0.0.1:49282] for POST '/session/aff8f8974cccbb9fa2295bd49c8ce42a/element/987aa041-29b4-4bda-874f-b31eb6ad6f33/click'
[DEBUG] Entry count for : http://localhost:58100 : 1
[DEBUG] Entry count for : http://localhost:58100 : 1
[DEBUG] Entry count for : http://localhost:58100 : 1
[DEBUG] 

Request DefaultHttpRequest(decodeResult: success, version: HTTP/1.1)
POST /session/aff8f8974cccbb9fa2295bd49c8ce42a/element/987aa041-29b4-4bda-874f-b31eb6ad6f33/click HTTP/1.1
User-Agent: selenium/4.2.1 (java windows)
Content-Length: 50
Content-Type: application/json; charset=utf-8
host: localhost:49282
accept: */*

Response DefaultHttpResponse(decodeResult: success, version: HTTP/1.1)
HTTP/1.1 200 OK
Content-Type: application/json; charset=utf-8
cache-control: no-cache
content-length: 14

[DEBUG] Adding key: http://localhost:49282 for channel [id: 0x8d0d9ca7, L:/127.0.0.1:58099 - R:localhost/127.0.0.1:49282]
[DEBUG] Using pooled Channel '[id: 0x8d0d9ca7, L:/127.0.0.1:58099 - R:localhost/127.0.0.1:49282]' for 'GET' to 'http://localhost:49282/session/aff8f8974cccbb9fa2295bd49c8ce42a/title'
[DEBUG] Using open Channel [id: 0x8d0d9ca7, L:/127.0.0.1:58099 - R:localhost/127.0.0.1:49282] for GET '/session/aff8f8974cccbb9fa2295bd49c8ce42a/title'
[DEBUG] 

Request DefaultFullHttpRequest(decodeResult: success, version: HTTP/1.1, content: EmptyByteBufBE)
GET /session/aff8f8974cccbb9fa2295bd49c8ce42a/title HTTP/1.1
User-Agent: selenium/4.2.1 (java windows)
Cache-Control: no-cache
Content-Type: application/json; charset=utf-8
host: localhost:49282
accept: */*

Response DefaultHttpResponse(decodeResult: success, version: HTTP/1.1)
HTTP/1.1 200 OK
Content-Type: application/json; charset=utf-8
cache-control: no-cache
content-length: 50

[DEBUG] Adding key: http://localhost:49282 for channel [id: 0x8d0d9ca7, L:/127.0.0.1:58099 - R:localhost/127.0.0.1:49282]
[DEBUG] Using pooled Channel '[id: 0x8d0d9ca7, L:/127.0.0.1:58099 - R:localhost/127.0.0.1:49282]' for 'POST' to 'http://localhost:49282/session/aff8f8974cccbb9fa2295bd49c8ce42a/element'
[DEBUG] Using open Channel [id: 0x8d0d9ca7, L:/127.0.0.1:58099 - R:localhost/127.0.0.1:49282] for POST '/session/aff8f8974cccbb9fa2295bd49c8ce42a/element'
[DEBUG] 

Request DefaultHttpRequest(decodeResult: success, version: HTTP/1.1)
POST /session/aff8f8974cccbb9fa2295bd49c8ce42a/element HTTP/1.1
User-Agent: selenium/4.2.1 (java windows)
Content-Length: 104
Content-Type: application/json; charset=utf-8
host: localhost:49282
accept: */*

Response DefaultHttpResponse(decodeResult: success, version: HTTP/1.1)
HTTP/1.1 200 OK
Content-Type: application/json; charset=utf-8
cache-control: no-cache
content-length: 88

[DEBUG] Adding key: http://localhost:49282 for channel [id: 0x8d0d9ca7, L:/127.0.0.1:58099 - R:localhost/127.0.0.1:49282]
[DEBUG] Using pooled Channel '[id: 0x8d0d9ca7, L:/127.0.0.1:58099 - R:localhost/127.0.0.1:49282]' for 'POST' to 'http://localhost:49282/session/aff8f8974cccbb9fa2295bd49c8ce42a/element/412391d2-d38d-4b68-817c-738a2a969206/click'
[DEBUG] Using open Channel [id: 0x8d0d9ca7, L:/127.0.0.1:58099 - R:localhost/127.0.0.1:49282] for POST '/session/aff8f8974cccbb9fa2295bd49c8ce42a/element/412391d2-d38d-4b68-817c-738a2a969206/click'
[DEBUG] 

Request DefaultHttpRequest(decodeResult: success, version: HTTP/1.1)
POST /session/aff8f8974cccbb9fa2295bd49c8ce42a/element/412391d2-d38d-4b68-817c-738a2a969206/click HTTP/1.1
User-Agent: selenium/4.2.1 (java windows)
Content-Length: 50
Content-Type: application/json; charset=utf-8
host: localhost:49282
accept: */*

Response DefaultHttpResponse(decodeResult: success, version: HTTP/1.1)
HTTP/1.1 200 OK
Content-Type: application/json; charset=utf-8
cache-control: no-cache
content-length: 14

[DEBUG] Adding key: http://localhost:49282 for channel [id: 0x8d0d9ca7, L:/127.0.0.1:58099 - R:localhost/127.0.0.1:49282]
[DEBUG] Entry count for : http://localhost:58100 : 1
[DEBUG] Entry count for : http://localhost:49282 : 1
[DEBUG] Entry count for : http://localhost:58100 : 1
[DEBUG] Entry count for : http://localhost:49282 : 1
[DEBUG] Using pooled Channel '[id: 0x8d0d9ca7, L:/127.0.0.1:58099 - R:localhost/127.0.0.1:49282]' for 'POST' to 'http://localhost:49282/session/aff8f8974cccbb9fa2295bd49c8ce42a/element'
[DEBUG] Using open Channel [id: 0x8d0d9ca7, L:/127.0.0.1:58099 - R:localhost/127.0.0.1:49282] for POST '/session/aff8f8974cccbb9fa2295bd49c8ce42a/element'
[DEBUG] 

Request DefaultHttpRequest(decodeResult: success, version: HTTP/1.1)
POST /session/aff8f8974cccbb9fa2295bd49c8ce42a/element HTTP/1.1
User-Agent: selenium/4.2.1 (java windows)
Content-Length: 138
Content-Type: application/json; charset=utf-8
host: localhost:49282
accept: */*

Response DefaultHttpResponse(decodeResult: success, version: HTTP/1.1)
HTTP/1.1 200 OK
Content-Type: application/json; charset=utf-8
cache-control: no-cache
content-length: 88

[DEBUG] Adding key: http://localhost:49282 for channel [id: 0x8d0d9ca7, L:/127.0.0.1:58099 - R:localhost/127.0.0.1:49282]
[DEBUG] Using pooled Channel '[id: 0x8d0d9ca7, L:/127.0.0.1:58099 - R:localhost/127.0.0.1:49282]' for 'POST' to 'http://localhost:49282/session/aff8f8974cccbb9fa2295bd49c8ce42a/element/a06db69c-4995-4aa9-b578-19e7b77b2d72/click'
[DEBUG] Using open Channel [id: 0x8d0d9ca7, L:/127.0.0.1:58099 - R:localhost/127.0.0.1:49282] for POST '/session/aff8f8974cccbb9fa2295bd49c8ce42a/element/a06db69c-4995-4aa9-b578-19e7b77b2d72/click'
[DEBUG] Entry count for : http://localhost:58100 : 1
[DEBUG] Entry count for : http://localhost:58100 : 1
[DEBUG] Entry count for : http://localhost:58100 : 1
[DEBUG] 

Request DefaultHttpRequest(decodeResult: success, version: HTTP/1.1)
POST /session/aff8f8974cccbb9fa2295bd49c8ce42a/element/a06db69c-4995-4aa9-b578-19e7b77b2d72/click HTTP/1.1
User-Agent: selenium/4.2.1 (java windows)
Content-Length: 50
Content-Type: application/json; charset=utf-8
host: localhost:49282
accept: */*

Response DefaultHttpResponse(decodeResult: success, version: HTTP/1.1)
HTTP/1.1 200 OK
Content-Type: application/json; charset=utf-8
cache-control: no-cache
content-length: 14

[DEBUG] Adding key: http://localhost:49282 for channel [id: 0x8d0d9ca7, L:/127.0.0.1:58099 - R:localhost/127.0.0.1:49282]
[DEBUG] Entry count for : http://localhost:58100 : 1
[DEBUG] Entry count for : http://localhost:49282 : 1
lang.String,java.lang.String)
  And Click on Login                                                     # StepDefinition.StepDef.click_on_login()
  Then User can view Dashboad                                            # StepDefinition.StepDef.user_can_view_dashboad()
  When User click on customers Menu                                      # StepDefinition.StepDef.user_click_on_customers_menu()
  And click on customers Menu Item                                       # StepDefinition.StepDef.click_on_customer[DEBUG] Using pooled Channel '[id: 0x8d0d9ca7, L:/127.0.0.1:58099 - R:localhost/127.0.0.1:49282]' for 'POST' to 'http://localhost:49282/session/aff8f8974cccbb9fa2295bd49c8ce42a/element'
[DEBUG] Using open Channel [id: 0x8d0d9ca7, L:/127.0.0.1:58099 - R:localhost/127.0.0.1:49282] for POST '/session/aff8f8974cccbb9fa2295bd49c8ce42a/element'
[DEBUG] 

Request DefaultHttpRequest(decodeResult: success, version: HTTP/1.1)
POST /session/aff8f8974cccbb9fa2295bd49c8ce42a/element HTTP/1.1
User-Agent: selenium/4.2.1 (java windows)
Content-Length: 60
Content-Type: application/json; charset=utf-8
host: localhost:49282
accept: */*

Response DefaultHttpResponse(decodeResult: success, version: HTTP/1.1)
HTTP/1.1 200 OK
Content-Type: application/json; charset=utf-8
cache-control: no-cache
content-length: 88

[DEBUG] Adding key: http://localhost:49282 for channel [id: 0x8d0d9ca7, L:/127.0.0.1:58099 - R:localhost/127.0.0.1:49282]
[DEBUG] Using pooled Channel '[id: 0x8d0d9ca7, L:/127.0.0.1:58099 - R:localhost/127.0.0.1:49282]' for 'POST' to 'http://localhost:49282/session/aff8f8974cccbb9fa2295bd49c8ce42a/element/fd9272a4-cf55-4329-b9c9-c20be5668285/value'
[DEBUG] Using open Channel [id: 0x8d0d9ca7, L:/127.0.0.1:58099 - R:localhost/127.0.0.1:49282] for POST '/session/aff8f8974cccbb9fa2295bd49c8ce42a/element/fd9272a4-cf55-4329-b9c9-c20be5668285/value'
[DEBUG] Entry count for : http://localhost:58100 : 1
[DEBUG] 

Request DefaultHttpRequest(decodeResult: success, version: HTTP/1.1)
POST /session/aff8f8974cccbb9fa2295bd49c8ce42a/element/fd9272a4-cf55-4329-b9c9-c20be5668285/value HTTP/1.1
User-Agent: selenium/4.2.1 (java windows)
Content-Length: 161
Content-Type: application/json; charset=utf-8
host: localhost:49282
accept: */*

Response DefaultHttpResponse(decodeResult: success, version: HTTP/1.1)
HTTP/1.1 200 OK
Content-Type: application/json; charset=utf-8
cache-control: no-cache
content-length: 14

[DEBUG] Adding key: http://localhost:49282 for channel [id: 0x8d0d9ca7, L:/127.0.0.1:58099 - R:localhost/127.0.0.1:49282]
[DEBUG] Using pooled Channel '[id: 0x8d0d9ca7, L:/127.0.0.1:58099 - R:localhost/127.0.0.1:49282]' for 'POST' to 'http://localhost:49282/session/aff8f8974cccbb9fa2295bd49c8ce42a/element'
[DEBUG] Using open Channel [id: 0x8d0d9ca7, L:/127.0.0.1:58099 - R:localhost/127.0.0.1:49282] for POST '/session/aff8f8974cccbb9fa2295bd49c8ce42a/element'
[DEBUG] 

Request DefaultHttpRequest(decodeResult: success, version: HTTP/1.1)
POST /session/aff8f8974cccbb9fa2295bd49c8ce42a/element HTTP/1.1
User-Agent: selenium/4.2.1 (java windows)
Content-Length: 59
Content-Type: application/json; charset=utf-8
host: localhost:49282
accept: */*

Response DefaultHttpResponse(decodeResult: success, version: HTTP/1.1)
HTTP/1.1 200 OK
Content-Type: application/json; charset=utf-8
cache-control: no-cache
content-length: 88

[DEBUG] Adding key: http://localhost:49282 for channel [id: 0x8d0d9ca7, L:/127.0.0.1:58099 - R:localhost/127.0.0.1:49282]
[DEBUG] Using pooled Channel '[id: 0x8d0d9ca7, L:/127.0.0.1:58099 - R:localhost/127.0.0.1:49282]' for 'POST' to 'http://localhost:49282/session/aff8f8974cccbb9fa2295bd49c8ce42a/element/d1fe9b73-1284-474c-8cfa-94658b4fc409/value'
[DEBUG] Using open Channel [id: 0x8d0d9ca7, L:/127.0.0.1:58099 - R:localhost/127.0.0.1:49282] for POST '/session/aff8f8974cccbb9fa2295bd49c8ce42a/element/d1fe9b73-1284-474c-8cfa-94658b4fc409/value'
[DEBUG] 

Request DefaultHttpRequest(decodeResult: success, version: HTTP/1.1)
POST /session/aff8f8974cccbb9fa2295bd49c8ce42a/element/d1fe9b73-1284-474c-8cfa-94658b4fc409/value HTTP/1.1
User-Agent: selenium/4.2.1 (java windows)
Content-Length: 141
Content-Type: application/json; charset=utf-8
host: localhost:49282
accept: */*

Response DefaultHttpResponse(decodeResult: success, version: HTTP/1.1)
HTTP/1.1 200 OK
Content-Type: application/json; charset=utf-8
cache-control: no-cache
content-length: 14

[DEBUG] Adding key: http://localhost:49282 for channel [id: 0x8d0d9ca7, L:/127.0.0.1:58099 - R:localhost/127.0.0.1:49282]
[DEBUG] Using pooled Channel '[id: 0x8d0d9ca7, L:/127.0.0.1:58099 - R:localhost/127.0.0.1:49282]' for 'POST' to 'http://localhost:49282/session/aff8f8974cccbb9fa2295bd49c8ce42a/element'
[DEBUG] Using open Channel [id: 0x8d0d9ca7, L:/127.0.0.1:58099 - R:localhost/127.0.0.1:49282] for POST '/session/aff8f8974cccbb9fa2295bd49c8ce42a/element'
[DEBUG] 

Request DefaultHttpRequest(decodeResult: success, version: HTTP/1.1)
POST /session/aff8f8974cccbb9fa2295bd49c8ce42a/element HTTP/1.1
User-Agent: selenium/4.2.1 (java windows)
Content-Length: 63
Content-Type: application/json; charset=utf-8
host: localhost:49282
accept: */*

Response DefaultHttpResponse(decodeResult: success, version: HTTP/1.1)
HTTP/1.1 200 OK
Content-Type: application/json; charset=utf-8
cache-control: no-cache
content-length: 88

[DEBUG] Adding key: http://localhost:49282 for channel [id: 0x8d0d9ca7, L:/127.0.0.1:58099 - R:localhost/127.0.0.1:49282]
[DEBUG] Using pooled Channel '[id: 0x8d0d9ca7, L:/127.0.0.1:58099 - R:localhost/127.0.0.1:49282]' for 'POST' to 'http://localhost:49282/session/aff8f8974cccbb9fa2295bd49c8ce42a/element/fd956e18-27ef-4214-a478-a477ccaacbcd/click'
[DEBUG] Using open Channel [id: 0x8d0d9ca7, L:/127.0.0.1:58099 - R:localhost/127.0.0.1:49282] for POST '/session/aff8f8974cccbb9fa2295bd49c8ce42a/element/fd956e18-27ef-4214-a478-a477ccaacbcd/click'
[DEBUG] 

Request DefaultHttpRequest(decodeResult: success, version: HTTP/1.1)
POST /session/aff8f8974cccbb9fa2295bd49c8ce42a/element/fd956e18-27ef-4214-a478-a477ccaacbcd/click HTTP/1.1
User-Agent: selenium/4.2.1 (java windows)
Content-Length: 50
Content-Type: application/json; charset=utf-8
host: localhost:49282
accept: */*

Response DefaultHttpResponse(decodeResult: success, version: HTTP/1.1)
HTTP/1.1 200 OK
Content-Type: application/json; charset=utf-8
cache-control: no-cache
content-length: 14

[DEBUG] Adding key: http://localhost:49282 for channel [id: 0x8d0d9ca7, L:/127.0.0.1:58099 - R:localhost/127.0.0.1:49282]
[DEBUG] Entry count for : http://localhost:58100 : 1
[DEBUG] Entry count for : http://localhost:49282 : 1
[DEBUG] Entry count for : http://localhost:58100 : 1
[DEBUG] Entry count for : http://localhost:49282 : 1
[DEBUG] Using pooled Channel '[id: 0x8d0d9ca7, L:/127.0.0.1:58099 - R:localhost/127.0.0.1:49282]' for 'POST' to 'http://localhost:49282/session/aff8f8974cccbb9fa2295bd49c8ce42a/elements'
[DEBUG] Using open Channel [id: 0x8d0d9ca7, L:/127.0.0.1:58099 - R:localhost/127.0.0.1:49282] for POST '/session/aff8f8974cccbb9fa2295bd49c8ce42a/elements'
[DEBUG] 

Request DefaultHttpRequest(decodeResult: success, version: HTTP/1.1)
POST /session/aff8f8974cccbb9fa2295bd49c8ce42a/elements HTTP/1.1
User-Agent: selenium/4.2.1 (java windows)
Content-Length: 101
Content-Type: application/json; charset=utf-8
host: localhost:49282
accept: */*

Response DefaultHttpResponse(decodeResult: success, version: HTTP/1.1)
HTTP/1.1 200 OK
Content-Type: application/json; charset=utf-8
cache-control: no-cache
content-length: 90

[DEBUG] Adding key: http://localhost:49282 for channel [id: 0x8d0d9ca7, L:/127.0.0.1:58099 - R:localhost/127.0.0.1:49282]
[DEBUG] Using pooled Channel '[id: 0x8d0d9ca7, L:/127.0.0.1:58099 - R:localhost/127.0.0.1:49282]' for 'POST' to 'http://localhost:49282/session/aff8f8974cccbb9fa2295bd49c8ce42a/element'
[DEBUG] Using open Channel [id: 0x8d0d9ca7, L:/127.0.0.1:58099 - R:localhost/127.0.0.1:49282] for POST '/session/aff8f8974cccbb9fa2295bd49c8ce42a/element'
[DEBUG] 

Request DefaultHttpRequest(decodeResult: success, version: HTTP/1.1)
POST /session/aff8f8974cccbb9fa2295bd49c8ce42a/element HTTP/1.1
User-Agent: selenium/4.2.1 (java windows)
Content-Length: 115
Content-Type: application/json; charset=utf-8
host: localhost:49282
accept: */*

Response DefaultHttpResponse(decodeResult: success, version: HTTP/1.1)
HTTP/1.1 200 OK
Content-Type: application/json; charset=utf-8
cache-control: no-cache
content-length: 88

[DEBUG] Adding key: http://localhost:49282 for channel [id: 0x8d0d9ca7, L:/127.0.0.1:58099 - R:localhost/127.0.0.1:49282]
[DEBUG] Using pooled Channel '[id: 0x8d0d9ca7, L:/127.0.0.1:58099 - R:localhost/127.0.0.1:49282]' for 'GET' to 'http://localhost:49282/session/aff8f8974cccbb9fa2295bd49c8ce42a/element/c6c5e697-abfb-4bb7-b4a2-67ede2855661/text'
[DEBUG] Using open Channel [id: 0x8d0d9ca7, L:/127.0.0.1:58099 - R:localhost/127.0.0.1:49282] for GET '/session/aff8f8974cccbb9fa2295bd49c8ce42a/element/c6c5e697-abfb-4bb7-b4a2-67ede2855661/text'
[DEBUG] 

Request DefaultFullHttpRequest(decodeResult: success, version: HTTP/1.1, content: EmptyByteBufBE)
GET /session/aff8f8974cccbb9fa2295bd49c8ce42a/element/c6c5e697-abfb-4bb7-b4a2-67ede2855661/text HTTP/1.1
User-Agent: selenium/4.2.1 (java windows)
Cache-Control: no-cache
Content-Type: application/json; charset=utf-8
host: localhost:49282
accept: */*

Response DefaultHttpResponse(decodeResult: success, version: HTTP/1.1)
HTTP/1.1 200 OK
Content-Type: application/json; charset=utf-8
cache-control: no-cache
content-length: 27

[DEBUG] Adding key: http://localhost:49282 for channel [id: 0x8d0d9ca7, L:/127.0.0.1:58099 - R:localhost/127.0.0.1:49282]
s_menu_item()
  And Enter customer FirstName                                           # StepDefinition.StepDef.enter_customer_first_name()
  And Enter customer LastName                                            # StepDefinition.StepDef.enter_customer_last_name()
  When Click on search button                                            # StepDefinition.StepDef.click_on_search_button()
  Then User should found Name in the Search table                        # StepDefinition.StepDef.user_should_found_name_in_[DEBUG] Using pooled Channel '[id: 0x8d0d9ca7, L:/127.0.0.1:58099 - R:localhost/127.0.0.1:49282]' for 'DELETE' to 'http://localhost:49282/session/aff8f8974cccbb9fa2295bd49c8ce42a/window'
[DEBUG] Using open Channel [id: 0x8d0d9ca7, L:/127.0.0.1:58099 - R:localhost/127.0.0.1:49282] for DELETE '/session/aff8f8974cccbb9fa2295bd49c8ce42a/window'
[DEBUG] Channel Closed: [id: 0x51d7967b, L:/127.0.0.1:58107 ! R:localhost/127.0.0.1:58100] with attribute DISCARD
[DEBUG] Channel Closed: [id: 0xfe9bffee, L:/127.0.0.1:58108 ! R:localhost/127.0.0.1:58100] with attribute NettyResponseFuture{currentRetry=0,
	isDone=1,
	isCancelled=0,
	asyncHandler=org.asynchttpclient.ws.WebSocketUpgradeHandler@2fb7353b,
	nettyRequest=org.asynchttpclient.netty.request.NettyRequest@1c10ce14,
	future=java.util.concurrent.CompletableFuture@73b52ab8[Completed normally],
	uri=ws://localhost:58100/devtools/browser/cc7f994c-ce5b-474e-835b-da8f4f1f4424,
	keepAlive=true,
	redirectCount=0,
	timeoutsHolder=null,
	inAuth=0,
	touch=1676874206076}
[DEBUG] Closing Channel [id: 0xfe9bffee, L:/127.0.0.1:58108 ! R:localhost/127.0.0.1:58100] 
[DEBUG] 

Request DefaultFullHttpRequest(decodeResult: success, version: HTTP/1.1, content: EmptyByteBufBE)
DELETE /session/aff8f8974cccbb9fa2295bd49c8ce42a/window HTTP/1.1
User-Agent: selenium/4.2.1 (java windows)
Content-Type: application/json; charset=utf-8
host: localhost:49282
accept: */*

Response DefaultHttpResponse(decodeResult: success, version: HTTP/1.1)
HTTP/1.1 200 OK
Content-Type: application/json; charset=utf-8
cache-control: no-cache
content-length: 12

[DEBUG] Adding key: http://localhost:49282 for channel [id: 0x8d0d9ca7, L:/127.0.0.1:58099 - R:localhost/127.0.0.1:49282]
Tear Down method executed..
[DEBUG] Using pooled Channel '[id: 0x8d0d9ca7, L:/127.0.0.1:58099 - R:localhost/127.0.0.1:49282]' for 'DELETE' to 'http://localhost:49282/session/aff8f8974cccbb9fa2295bd49c8ce42a'
[DEBUG] Using open Channel [id: 0x8d0d9ca7, L:/127.0.0.1:58099 - R:localhost/127.0.0.1:49282] for DELETE '/session/aff8f8974cccbb9fa2295bd49c8ce42a'
[DEBUG] 

Request DefaultFullHttpRequest(decodeResult: success, version: HTTP/1.1, content: EmptyByteBufBE)
DELETE /session/aff8f8974cccbb9fa2295bd49c8ce42a HTTP/1.1
User-Agent: selenium/4.2.1 (java windows)
Content-Type: application/json; charset=utf-8
host: localhost:49282
accept: */*

Response DefaultHttpResponse(decodeResult: success, version: HTTP/1.1)
HTTP/1.1 200 OK
Content-Type: application/json; charset=utf-8
cache-control: no-cache
content-length: 14

[DEBUG] Adding key: http://localhost:49282 for channel [id: 0x8d0d9ca7, L:/127.0.0.1:58099 - R:localhost/127.0.0.1:49282]
[DEBUG] Channel Closed: [id: 0x8d0d9ca7, L:/127.0.0.1:58099 ! R:localhost/127.0.0.1:49282] with attribute DISCARD
]]></system-out>
    <system-err><![CDATA[Starting ChromeDriver 110.0.5481.77 (65ed616c6e8ee3fe0ad64fe83796c020644d42af-refs/branch-heads/5481@{#839}) on port 49282
Only local connections are allowed.
Please see https://chromedriver.chromium.org/security-considerations for suggestions on keeping ChromeDriver safe.
ChromeDriver was started successfully.
[1676874205.561][WARNING]: virtual void DevToolsClientImpl::AddListener(DevToolsEventListener *) subscribing a listener to the already connected DevToolsClient. Connection notification will not arrive.
Feb 20, 2023 11:53:25 AM org.openqa.selenium.remote.ProtocolHandshake createSession
INFO: Detected upstream dialect: W3C
Feb 20, 2023 11:53:26 AM org.openqa.selenium.devtools.CdpVersionFinder findNearestMatch
WARNING: Unable to find an exact match for CDP version 110, so returning the closest version found: a no-op implementation
Feb 20, 2023 11:53:26 AM org.openqa.selenium.devtools.CdpVersionFinder findNearestMatch
INFO: Unable to find CDP implementation matching 110.
Feb 20, 2023 11:53:26 AM org.openqa.selenium.chromium.ChromiumDriver lambda$new$3
WARNING: Unable to find version of CDP to use for . You may need to include a dependency on a specific version of the CDP using something similar to `org.seleniumhq.selenium:selenium-devtools-v86:4.2.1` where the version ("v86") matches the version of the chromium-based browser you're using and the version number of the artifact is the same as Selenium's.
[1676874221.454][SEVERE]: Unable to receive message from renderer
]]></system-err>
  </testcase>
  <testcase name="runScenario[&quot;Successful Login with Valid Credentials&quot;, &quot;Login&quot;](2)" classname="TestRunner.Run" time="9.582">
    <system-out><![CDATA[Setup-Sanity method executed..
[DEBUG] Resolution chrome=110 in cache (valid until 12:53:23 20/02/2023 IST)
[DEBUG] Resolution chrome110=110.0.5481.77 in cache (valid until 11:53:23 21/02/2023 IST)
[INFO] Using chromedriver 110.0.5481.77 (resolved driver for Chrome 110)
[DEBUG] Driver chromedriver 110.0.5481.77 found in cache
[INFO] Exporting webdriver.chrome.driver as C:\Users\Akhil Dhasmana\.cache\selenium\chromedriver\win32\110.0.5481.77\chromedriver.exe
[DEBUG] Using new Channel '[id: 0xd434736b, L:/127.0.0.1:58124 - R:localhost/127.0.0.1:64418]' for 'POST' to '/session'
[DEBUG] Entry count for : http://localhost:58100 : 1
[DEBUG] Entry count for : http://localhost:49282 : 1
[DEBUG] Adding Candidate expired Channel [id: 0x51d7967b, L:/127.0.0.1:58107 ! R:localhost/127.0.0.1:58100] isIdleTimeoutExpired=false isRemotelyClosed=true isTtlExpired=false
[DEBUG] Closing Idle Channel [id: 0x51d7967b, L:/127.0.0.1:58107 ! R:localhost/127.0.0.1:58100]
[DEBUG] Adding Candidate expired Channel [id: 0x8d0d9ca7, L:/127.0.0.1:58099 ! R:localhost/127.0.0.1:49282] isIdleTimeoutExpired=false isRemotelyClosed=true isTtlExpired=false
[DEBUG] Closing Idle Channel [id: 0x8d0d9ca7, L:/127.0.0.1:58099 ! R:localhost/127.0.0.1:49282]
[DEBUG] Closed 2 connections out of 2 in 2 ms
[DEBUG] 

Request DefaultHttpRequest(decodeResult: success, version: HTTP/1.1)
POST /session HTTP/1.1
User-Agent: selenium/4.2.1 (java windows)
Content-Length: 365
Content-Type: application/json; charset=utf-8
host: localhost:64418
accept: */*

Response DefaultHttpResponse(decodeResult: success, version: HTTP/1.1)
HTTP/1.1 200 OK
Content-Type: application/json; charset=utf-8
cache-control: no-cache
content-length: 793

[DEBUG] Adding key: http://localhost:64418 for channel [id: 0xd434736b, L:/127.0.0.1:58124 - R:localhost/127.0.0.1:64418]
[DEBUG] Using new Channel '[id: 0x9955da35, L:/127.0.0.1:58131 - R:localhost/127.0.0.1:58125]' for 'GET' to '/json/version'
[DEBUG] 

Request DefaultFullHttpRequest(decodeResult: success, version: HTTP/1.1, content: EmptyByteBufBE)
GET /json/version HTTP/1.1
User-Agent: selenium/4.2.1 (java windows)
host: localhost:58125
accept: */*

Response DefaultHttpResponse(decodeResult: success, version: HTTP/1.1)
HTTP/1.1 200 OK
Content-Security-Policy: frame-ancestors 'none'
Content-Type: application/json; charset=UTF-8
content-length: 424

[DEBUG] Adding key: http://localhost:58125 for channel [id: 0x9955da35, L:/127.0.0.1:58131 - R:localhost/127.0.0.1:58125]
[DEBUG] Using new Channel '[id: 0x682aca78, L:/127.0.0.1:58132 - R:localhost/127.0.0.1:58125]' for 'GET' to '/devtools/browser/173246f3-a495-439b-b68d-e10d758bcc8f'
[DEBUG] 

Request DefaultFullHttpRequest(decodeResult: success, version: HTTP/1.1, content: EmptyByteBufBE)
GET /devtools/browser/173246f3-a495-439b-b68d-e10d758bcc8f HTTP/1.1
upgrade: websocket
connection: upgrade
sec-websocket-key: CwMztv8D9DO2bB1qXlF8rw==
sec-websocket-version: 13
origin: http://localhost:58125
host: localhost:58125
accept: */*
user-agent: AHC/2.1

Response DefaultHttpResponse(decodeResult: success, version: HTTP/1.1)
HTTP/1.1 101 WebSocket Protocol Handshake
Upgrade: WebSocket
Connection: Upgrade
Sec-WebSocket-Accept: 9x/elT1/0Y1VFKLXnFSmt11J7Q8=

[DEBUG] Using pooled Channel '[id: 0xd434736b, L:/127.0.0.1:58124 - R:localhost/127.0.0.1:64418]' for 'POST' to 'http://localhost:64418/session/3096f387f622d25f8e3ef49787fffb1e/url'
[DEBUG] Using open Channel [id: 0xd434736b, L:/127.0.0.1:58124 - R:localhost/127.0.0.1:64418] for POST '/session/3096f387f622d25f8e3ef49787fffb1e/url'
[DEBUG] Entry count for : http://localhost:58125 : 1
[DEBUG] Entry count for : http://localhost:58125 : 1
[DEBUG] 

Request DefaultHttpRequest(decodeResult: success, version: HTTP/1.1)
POST /session/3096f387f622d25f8e3ef49787fffb1e/url HTTP/1.1
User-Agent: selenium/4.2.1 (java windows)
Content-Length: 69
Content-Type: application/json; charset=utf-8
host: localhost:64418
accept: */*

Response DefaultHttpResponse(decodeResult: success, version: HTTP/1.1)
HTTP/1.1 200 OK
Content-Type: application/json; charset=utf-8
cache-control: no-cache
content-length: 14

[DEBUG] Adding key: http://localhost:64418 for channel [id: 0xd434736b, L:/127.0.0.1:58124 - R:localhost/127.0.0.1:64418]
[DEBUG] Using pooled Channel '[id: 0xd434736b, L:/127.0.0.1:58124 - R:localhost/127.0.0.1:64418]' for 'POST' to 'http://localhost:64418/session/3096f387f622d25f8e3ef49787fffb1e/element'
[DEBUG] Using open Channel [id: 0xd434736b, L:/127.0.0.1:58124 - R:localhost/127.0.0.1:64418] for POST '/session/3096f387f622d25f8e3ef49787fffb1e/element'
[DEBUG] 

Request DefaultHttpRequest(decodeResult: success, version: HTTP/1.1)
POST /session/3096f387f622d25f8e3ef49787fffb1e/element HTTP/1.1
User-Agent: selenium/4.2.1 (java windows)
Content-Length: 50
Content-Type: application/json; charset=utf-8
host: localhost:64418
accept: */*

Response DefaultHttpResponse(decodeResult: success, version: HTTP/1.1)
HTTP/1.1 200 OK
Content-Type: application/json; charset=utf-8
cache-control: no-cache
content-length: 88

[DEBUG] Adding key: http://localhost:64418 for channel [id: 0xd434736b, L:/127.0.0.1:58124 - R:localhost/127.0.0.1:64418]
[DEBUG] Using pooled Channel '[id: 0xd434736b, L:/127.0.0.1:58124 - R:localhost/127.0.0.1:64418]' for 'POST' to 'http://localhost:64418/session/3096f387f622d25f8e3ef49787fffb1e/element/4dc1c3fc-640b-48e2-ac77-a95d4094a388/clear'
[DEBUG] Using open Channel [id: 0xd434736b, L:/127.0.0.1:58124 - R:localhost/127.0.0.1:64418] for POST '/session/3096f387f622d25f8e3ef49787fffb1e/element/4dc1c3fc-640b-48e2-ac77-a95d4094a388/clear'
[DEBUG] 

Request DefaultHttpRequest(decodeResult: success, version: HTTP/1.1)
POST /session/3096f387f622d25f8e3ef49787fffb1e/element/4dc1c3fc-640b-48e2-ac77-a95d4094a388/clear HTTP/1.1
User-Agent: selenium/4.2.1 (java windows)
Content-Length: 50
Content-Type: application/json; charset=utf-8
host: localhost:64418
accept: */*

Response DefaultHttpResponse(decodeResult: success, version: HTTP/1.1)
HTTP/1.1 200 OK
Content-Type: application/json; charset=utf-8
cache-control: no-cache
content-length: 14

[DEBUG] Adding key: http://localhost:64418 for channel [id: 0xd434736b, L:/127.0.0.1:58124 - R:localhost/127.0.0.1:64418]
[DEBUG] Using pooled Channel '[id: 0xd434736b, L:/127.0.0.1:58124 - R:localhost/127.0.0.1:64418]' for 'POST' to 'http://localhost:64418/session/3096f387f622d25f8e3ef49787fffb1e/element'
[DEBUG] Using open Channel [id: 0xd434736b, L:/127.0.0.1:58124 - R:localhost/127.0.0.1:64418] for POST '/session/3096f387f622d25f8e3ef49787fffb1e/element'
[DEBUG] 

Request DefaultHttpRequest(decodeResult: success, version: HTTP/1.1)
POST /session/3096f387f622d25f8e3ef49787fffb1e/element HTTP/1.1
User-Agent: selenium/4.2.1 (java windows)
Content-Length: 50
Content-Type: application/json; charset=utf-8
host: localhost:64418
accept: */*

Response DefaultHttpResponse(decodeResult: success, version: HTTP/1.1)
HTTP/1.1 200 OK
Content-Type: application/json; charset=utf-8
cache-control: no-cache
content-length: 88

[DEBUG] Adding key: http://localhost:64418 for channel [id: 0xd434736b, L:/127.0.0.1:58124 - R:localhost/127.0.0.1:64418]
[DEBUG] Using pooled Channel '[id: 0xd434736b, L:/127.0.0.1:58124 - R:localhost/127.0.0.1:64418]' for 'POST' to 'http://localhost:64418/session/3096f387f622d25f8e3ef49787fffb1e/element/4dc1c3fc-640b-48e2-ac77-a95d4094a388/value'
[DEBUG] Using open Channel [id: 0xd434736b, L:/127.0.0.1:58124 - R:localhost/127.0.0.1:64418] for POST '/session/3096f387f622d25f8e3ef49787fffb1e/element/4dc1c3fc-640b-48e2-ac77-a95d4094a388/value'
[DEBUG] 

Request DefaultHttpRequest(decodeResult: success, version: HTTP/1.1)
POST /session/3096f387f622d25f8e3ef49787fffb1e/element/4dc1c3fc-640b-48e2-ac77-a95d4094a388/value HTTP/1.1
User-Agent: selenium/4.2.1 (java windows)
Content-Length: 271
Content-Type: application/json; charset=utf-8
host: localhost:64418
accept: */*

Response DefaultHttpResponse(decodeResult: success, version: HTTP/1.1)
HTTP/1.1 200 OK
Content-Type: application/json; charset=utf-8
cache-control: no-cache
content-length: 14

[DEBUG] Adding key: http://localhost:64418 for channel [id: 0xd434736b, L:/127.0.0.1:58124 - R:localhost/127.0.0.1:64418]
[DEBUG] Using pooled Channel '[id: 0xd434736b, L:/127.0.0.1:58124 - R:localhost/127.0.0.1:64418]' for 'POST' to 'http://localhost:64418/session/3096f387f622d25f8e3ef49787fffb1e/element'
[DEBUG] Using open Channel [id: 0xd434736b, L:/127.0.0.1:58124 - R:localhost/127.0.0.1:64418] for POST '/session/3096f387f622d25f8e3ef49787fffb1e/element'
[DEBUG] 

Request DefaultHttpRequest(decodeResult: success, version: HTTP/1.1)
POST /session/3096f387f622d25f8e3ef49787fffb1e/element HTTP/1.1
User-Agent: selenium/4.2.1 (java windows)
Content-Length: 53
Content-Type: application/json; charset=utf-8
host: localhost:64418
accept: */*

Response DefaultHttpResponse(decodeResult: success, version: HTTP/1.1)
HTTP/1.1 200 OK
Content-Type: application/json; charset=utf-8
cache-control: no-cache
content-length: 88

[DEBUG] Adding key: http://localhost:64418 for channel [id: 0xd434736b, L:/127.0.0.1:58124 - R:localhost/127.0.0.1:64418]
[DEBUG] Using pooled Channel '[id: 0xd434736b, L:/127.0.0.1:58124 - R:localhost/127.0.0.1:64418]' for 'POST' to 'http://localhost:64418/session/3096f387f622d25f8e3ef49787fffb1e/element/2a9762ea-07c3-4168-aa5b-89d21069c871/clear'
[DEBUG] Using open Channel [id: 0xd434736b, L:/127.0.0.1:58124 - R:localhost/127.0.0.1:64418] for POST '/session/3096f387f622d25f8e3ef49787fffb1e/element/2a9762ea-07c3-4168-aa5b-89d21069c871/clear'
[DEBUG] 

Request DefaultHttpRequest(decodeResult: success, version: HTTP/1.1)
POST /session/3096f387f622d25f8e3ef49787fffb1e/element/2a9762ea-07c3-4168-aa5b-89d21069c871/clear HTTP/1.1
User-Agent: selenium/4.2.1 (java windows)
Content-Length: 50
Content-Type: application/json; charset=utf-8
host: localhost:64418
accept: */*

Response DefaultHttpResponse(decodeResult: success, version: HTTP/1.1)
HTTP/1.1 200 OK
Content-Type: application/json; charset=utf-8
cache-control: no-cache
content-length: 14

[DEBUG] Adding key: http://localhost:64418 for channel [id: 0xd434736b, L:/127.0.0.1:58124 - R:localhost/127.0.0.1:64418]
[DEBUG] Using pooled Channel '[id: 0xd434736b, L:/127.0.0.1:58124 - R:localhost/127.0.0.1:64418]' for 'POST' to 'http://localhost:64418/session/3096f387f622d25f8e3ef49787fffb1e/element'
[DEBUG] Using open Channel [id: 0xd434736b, L:/127.0.0.1:58124 - R:localhost/127.0.0.1:64418] for POST '/session/3096f387f622d25f8e3ef49787fffb1e/element'
[DEBUG] 

Request DefaultHttpRequest(decodeResult: success, version: HTTP/1.1)
POST /session/3096f387f622d25f8e3ef49787fffb1e/element HTTP/1.1
User-Agent: selenium/4.2.1 (java windows)
Content-Length: 53
Content-Type: application/json; charset=utf-8
host: localhost:64418
accept: */*

Response DefaultHttpResponse(decodeResult: success, version: HTTP/1.1)
HTTP/1.1 200 OK
Content-Type: application/json; charset=utf-8
cache-control: no-cache
content-length: 88

[DEBUG] Adding key: http://localhost:64418 for channel [id: 0xd434736b, L:/127.0.0.1:58124 - R:localhost/127.0.0.1:64418]
[DEBUG] Using pooled Channel '[id: 0xd434736b, L:/127.0.0.1:58124 - R:localhost/127.0.0.1:64418]' for 'POST' to 'http://localhost:64418/session/3096f387f622d25f8e3ef49787fffb1e/element/2a9762ea-07c3-4168-aa5b-89d21069c871/value'
[DEBUG] Using open Channel [id: 0xd434736b, L:/127.0.0.1:58124 - R:localhost/127.0.0.1:64418] for POST '/session/3096f387f622d25f8e3ef49787fffb1e/element/2a9762ea-07c3-4168-aa5b-89d21069c871/value'
[DEBUG] 

Request DefaultHttpRequest(decodeResult: success, version: HTTP/1.1)
POST /session/3096f387f622d25f8e3ef49787fffb1e/element/2a9762ea-07c3-4168-aa5b-89d21069c871/value HTTP/1.1
User-Agent: selenium/4.2.1 (java windows)
Content-Length: 131
Content-Type: application/json; charset=utf-8
host: localhost:64418
accept: */*

Response DefaultHttpResponse(decodeResult: success, version: HTTP/1.1)
HTTP/1.1 200 OK
Content-Type: application/json; charset=utf-8
cache-control: no-cache
content-length: 14

[DEBUG] Adding key: http://localhost:64418 for channel [id: 0xd434736b, L:/127.0.0.1:58124 - R:localhost/127.0.0.1:64418]
the_search_table()
  And close browser                                                      # StepDefinition.CloseStep.close_browser()

@Sanity
Scenario: Successful Login with Valid Credentials                        # Features/LoginFeature.feature:4
  Given User Launch Chrome browser                                       # StepDefinition.StepDef.user_launch_chrome_browser()
  When User opens URL "http://admin-demo.nopcommerce.com/login"          # StepDefinition.StepDef.user_opens_url(java.lang.String)
  A[DEBUG] Using pooled Channel '[id: 0xd434736b, L:/127.0.0.1:58124 - R:localhost/127.0.0.1:64418]' for 'POST' to 'http://localhost:64418/session/3096f387f622d25f8e3ef49787fffb1e/element'
[DEBUG] Using open Channel [id: 0xd434736b, L:/127.0.0.1:58124 - R:localhost/127.0.0.1:64418] for POST '/session/3096f387f622d25f8e3ef49787fffb1e/element'
[DEBUG] 

Request DefaultHttpRequest(decodeResult: success, version: HTTP/1.1)
POST /session/3096f387f622d25f8e3ef49787fffb1e/element HTTP/1.1
User-Agent: selenium/4.2.1 (java windows)
Content-Length: 87
Content-Type: application/json; charset=utf-8
host: localhost:64418
accept: */*

Response DefaultHttpResponse(decodeResult: success, version: HTTP/1.1)
HTTP/1.1 200 OK
Content-Type: application/json; charset=utf-8
cache-control: no-cache
content-length: 88

[DEBUG] Adding key: http://localhost:64418 for channel [id: 0xd434736b, L:/127.0.0.1:58124 - R:localhost/127.0.0.1:64418]
[DEBUG] Using pooled Channel '[id: 0xd434736b, L:/127.0.0.1:58124 - R:localhost/127.0.0.1:64418]' for 'POST' to 'http://localhost:64418/session/3096f387f622d25f8e3ef49787fffb1e/element/471d540c-6676-4a88-ab33-dd974cd851c6/click'
[DEBUG] Using open Channel [id: 0xd434736b, L:/127.0.0.1:58124 - R:localhost/127.0.0.1:64418] for POST '/session/3096f387f622d25f8e3ef49787fffb1e/element/471d540c-6676-4a88-ab33-dd974cd851c6/click'
[DEBUG] Entry count for : http://localhost:58125 : 1
[DEBUG] Entry count for : http://localhost:58125 : 1
[DEBUG] Entry count for : http://localhost:58125 : 1
[DEBUG] Entry count for : http://localhost:58125 : 1
[DEBUG] 

Request DefaultHttpRequest(decodeResult: success, version: HTTP/1.1)
POST /session/3096f387f622d25f8e3ef49787fffb1e/element/471d540c-6676-4a88-ab33-dd974cd851c6/click HTTP/1.1
User-Agent: selenium/4.2.1 (java windows)
Content-Length: 50
Content-Type: application/json; charset=utf-8
host: localhost:64418
accept: */*

Response DefaultHttpResponse(decodeResult: success, version: HTTP/1.1)
HTTP/1.1 200 OK
Content-Type: application/json; charset=utf-8
cache-control: no-cache
content-length: 14

[DEBUG] Adding key: http://localhost:64418 for channel [id: 0xd434736b, L:/127.0.0.1:58124 - R:localhost/127.0.0.1:64418]
[DEBUG] Using pooled Channel '[id: 0xd434736b, L:/127.0.0.1:58124 - R:localhost/127.0.0.1:64418]' for 'GET' to 'http://localhost:64418/session/3096f387f622d25f8e3ef49787fffb1e/title'
[DEBUG] Using open Channel [id: 0xd434736b, L:/127.0.0.1:58124 - R:localhost/127.0.0.1:64418] for GET '/session/3096f387f622d25f8e3ef49787fffb1e/title'
[DEBUG] 

Request DefaultFullHttpRequest(decodeResult: success, version: HTTP/1.1, content: EmptyByteBufBE)
GET /session/3096f387f622d25f8e3ef49787fffb1e/title HTTP/1.1
User-Agent: selenium/4.2.1 (java windows)
Cache-Control: no-cache
Content-Type: application/json; charset=utf-8
host: localhost:64418
accept: */*

Response DefaultHttpResponse(decodeResult: success, version: HTTP/1.1)
HTTP/1.1 200 OK
Content-Type: application/json; charset=utf-8
cache-control: no-cache
content-length: 50

[DEBUG] Adding key: http://localhost:64418 for channel [id: 0xd434736b, L:/127.0.0.1:58124 - R:localhost/127.0.0.1:64418]
[DEBUG] Using pooled Channel '[id: 0xd434736b, L:/127.0.0.1:58124 - R:localhost/127.0.0.1:64418]' for 'POST' to 'http://localhost:64418/session/3096f387f622d25f8e3ef49787fffb1e/element'
[DEBUG] Using open Channel [id: 0xd434736b, L:/127.0.0.1:58124 - R:localhost/127.0.0.1:64418] for POST '/session/3096f387f622d25f8e3ef49787fffb1e/element'
[DEBUG] 

Request DefaultHttpRequest(decodeResult: success, version: HTTP/1.1)
POST /session/3096f387f622d25f8e3ef49787fffb1e/element HTTP/1.1
User-Agent: selenium/4.2.1 (java windows)
Content-Length: 47
Content-Type: application/json; charset=utf-8
host: localhost:64418
accept: */*

Response DefaultHttpResponse(decodeResult: success, version: HTTP/1.1)
HTTP/1.1 200 OK
Content-Type: application/json; charset=utf-8
cache-control: no-cache
content-length: 88

[DEBUG] Adding key: http://localhost:64418 for channel [id: 0xd434736b, L:/127.0.0.1:58124 - R:localhost/127.0.0.1:64418]
[DEBUG] Using pooled Channel '[id: 0xd434736b, L:/127.0.0.1:58124 - R:localhost/127.0.0.1:64418]' for 'POST' to 'http://localhost:64418/session/3096f387f622d25f8e3ef49787fffb1e/element/7f127c13-b03e-4461-b2bb-d8b9d880eb02/click'
[DEBUG] Using open Channel [id: 0xd434736b, L:/127.0.0.1:58124 - R:localhost/127.0.0.1:64418] for POST '/session/3096f387f622d25f8e3ef49787fffb1e/element/7f127c13-b03e-4461-b2bb-d8b9d880eb02/click'
[DEBUG] Entry count for : http://localhost:58125 : 1
[DEBUG] 

Request DefaultHttpRequest(decodeResult: success, version: HTTP/1.1)
POST /session/3096f387f622d25f8e3ef49787fffb1e/element/7f127c13-b03e-4461-b2bb-d8b9d880eb02/click HTTP/1.1
User-Agent: selenium/4.2.1 (java windows)
Content-Length: 50
Content-Type: application/json; charset=utf-8
host: localhost:64418
accept: */*

Response DefaultHttpResponse(decodeResult: success, version: HTTP/1.1)
HTTP/1.1 200 OK
Content-Type: application/json; charset=utf-8
cache-control: no-cache
content-length: 14

[DEBUG] Adding key: http://localhost:64418 for channel [id: 0xd434736b, L:/127.0.0.1:58124 - R:localhost/127.0.0.1:64418]
nd User enters Email as "admin@yourstore.com" and Password as "admin" # StepDefinition.StepDef.user_enters_email_as_and_password_as(java.lang.String,java.lang.String)
  And Click on Login                                                     # StepDefinition.StepDef.click_on_login()
  Then Page Title should be "Dashboard / nopCommerce administration"     # StepDefinition.StepDef.page_title_should_be(java.lang.String)
  When User click on Log out link                                        # StepDefinition.Ste[DEBUG] Using pooled Channel '[id: 0xd434736b, L:/127.0.0.1:58124 - R:localhost/127.0.0.1:64418]' for 'GET' to 'http://localhost:64418/session/3096f387f622d25f8e3ef49787fffb1e/title'
[DEBUG] Using open Channel [id: 0xd434736b, L:/127.0.0.1:58124 - R:localhost/127.0.0.1:64418] for GET '/session/3096f387f622d25f8e3ef49787fffb1e/title'
[DEBUG] 

Request DefaultFullHttpRequest(decodeResult: success, version: HTTP/1.1, content: EmptyByteBufBE)
GET /session/3096f387f622d25f8e3ef49787fffb1e/title HTTP/1.1
User-Agent: selenium/4.2.1 (java windows)
Cache-Control: no-cache
Content-Type: application/json; charset=utf-8
host: localhost:64418
accept: */*

Response DefaultHttpResponse(decodeResult: success, version: HTTP/1.1)
HTTP/1.1 200 OK
Content-Type: application/json; charset=utf-8
cache-control: no-cache
content-length: 29

[DEBUG] Adding key: http://localhost:64418 for channel [id: 0xd434736b, L:/127.0.0.1:58124 - R:localhost/127.0.0.1:64418]
[DEBUG] Using pooled Channel '[id: 0xd434736b, L:/127.0.0.1:58124 - R:localhost/127.0.0.1:64418]' for 'DELETE' to 'http://localhost:64418/session/3096f387f622d25f8e3ef49787fffb1e/window'
[DEBUG] Using open Channel [id: 0xd434736b, L:/127.0.0.1:58124 - R:localhost/127.0.0.1:64418] for DELETE '/session/3096f387f622d25f8e3ef49787fffb1e/window'
[DEBUG] Entry count for : http://localhost:58125 : 1
[DEBUG] Channel Closed: [id: 0x9955da35, L:/127.0.0.1:58131 ! R:localhost/127.0.0.1:58125] with attribute DISCARD
[DEBUG] Channel Closed: [id: 0x682aca78, L:/127.0.0.1:58132 ! R:localhost/127.0.0.1:58125] with attribute NettyResponseFuture{currentRetry=0,
	isDone=1,
	isCancelled=0,
	asyncHandler=org.asynchttpclient.ws.WebSocketUpgradeHandler@7ba0a743,
	nettyRequest=org.asynchttpclient.netty.request.NettyRequest@3ea22653,
	future=java.util.concurrent.CompletableFuture@9ac4ce0[Completed normally],
	uri=ws://localhost:58125/devtools/browser/173246f3-a495-439b-b68d-e10d758bcc8f,
	keepAlive=true,
	redirectCount=0,
	timeoutsHolder=null,
	inAuth=0,
	touch=1676874223223}
[DEBUG] Closing Channel [id: 0x682aca78, L:/127.0.0.1:58132 ! R:localhost/127.0.0.1:58125] 
[DEBUG] 

Request DefaultFullHttpRequest(decodeResult: success, version: HTTP/1.1, content: EmptyByteBufBE)
DELETE /session/3096f387f622d25f8e3ef49787fffb1e/window HTTP/1.1
User-Agent: selenium/4.2.1 (java windows)
Content-Type: application/json; charset=utf-8
host: localhost:64418
accept: */*

Response DefaultHttpResponse(decodeResult: success, version: HTTP/1.1)
HTTP/1.1 200 OK
Content-Type: application/json; charset=utf-8
cache-control: no-cache
content-length: 12

[DEBUG] Adding key: http://localhost:64418 for channel [id: 0xd434736b, L:/127.0.0.1:58124 - R:localhost/127.0.0.1:64418]
Tear Down method executed..
[DEBUG] Using pooled Channel '[id: 0xd434736b, L:/127.0.0.1:58124 - R:localhost/127.0.0.1:64418]' for 'DELETE' to 'http://localhost:64418/session/3096f387f622d25f8e3ef49787fffb1e'
[DEBUG] Using open Channel [id: 0xd434736b, L:/127.0.0.1:58124 - R:localhost/127.0.0.1:64418] for DELETE '/session/3096f387f622d25f8e3ef49787fffb1e'
[DEBUG] 

Request DefaultFullHttpRequest(decodeResult: success, version: HTTP/1.1, content: EmptyByteBufBE)
DELETE /session/3096f387f622d25f8e3ef49787fffb1e HTTP/1.1
User-Agent: selenium/4.2.1 (java windows)
Content-Type: application/json; charset=utf-8
host: localhost:64418
accept: */*

Response DefaultHttpResponse(decodeResult: success, version: HTTP/1.1)
HTTP/1.1 200 OK
Content-Type: application/json; charset=utf-8
cache-control: no-cache
content-length: 14

[DEBUG] Adding key: http://localhost:64418 for channel [id: 0xd434736b, L:/127.0.0.1:58124 - R:localhost/127.0.0.1:64418]
[DEBUG] Channel Closed: [id: 0xd434736b, L:/127.0.0.1:58124 ! R:localhost/127.0.0.1:64418] with attribute DISCARD
]]></system-out>
    <system-err><![CDATA[Starting ChromeDriver 110.0.5481.77 (65ed616c6e8ee3fe0ad64fe83796c020644d42af-refs/branch-heads/5481@{#839}) on port 64418
Only local connections are allowed.
Please see https://chromedriver.chromium.org/security-considerations for suggestions on keeping ChromeDriver safe.
ChromeDriver was started successfully.
[1676874223.039][WARNING]: virtual void DevToolsClientImpl::AddListener(DevToolsEventListener *) subscribing a listener to the already connected DevToolsClient. Connection notification will not arrive.
Feb 20, 2023 11:53:43 AM org.openqa.selenium.remote.ProtocolHandshake createSession
INFO: Detected upstream dialect: W3C
Feb 20, 2023 11:53:43 AM org.openqa.selenium.devtools.CdpVersionFinder findNearestMatch
WARNING: Unable to find an exact match for CDP version 110, so returning the closest version found: a no-op implementation
Feb 20, 2023 11:53:43 AM org.openqa.selenium.devtools.CdpVersionFinder findNearestMatch
INFO: Unable to find CDP implementation matching 110.
Feb 20, 2023 11:53:43 AM org.openqa.selenium.chromium.ChromiumDriver lambda$new$3
WARNING: Unable to find version of CDP to use for . You may need to include a dependency on a specific version of the CDP using something similar to `org.seleniumhq.selenium:selenium-devtools-v86:4.2.1` where the version ("v86") matches the version of the chromium-based browser you're using and the version number of the artifact is the same as Selenium's.
[1676874231.197][SEVERE]: Unable to receive message from renderer
]]></system-err>
  </testcase>
</testsuite>