<?xml version="1.0" encoding="UTF-8"?>
<!-- Generated by org.testng.reporters.JUnitXMLReporter -->
<testsuite ignored="0" hostname="DESKTOP-C5DCEJT" failures="0" tests="0" name="Surefire test" time="0.649" errors="0" timestamp="2023-02-20T12:25:16 IST">
  <testcase classname="io.cucumber.testng.AbstractTestNGCucumberTests" name="@BeforeClass setUpClass" time="0.593">
    <failure type="io.cucumber.core.gherkin.FeatureParserException" message="Failed to parse resource at: file:///F:/CucumberFramework-master/CucumberFramework/./Features/Customers.feature
(5:2): expected: #EOF, #Comment, #BackgroundLine, #TagLine, #ScenarioLine, #RuleLine, #Empty, got &amp;apos;When User opens URL &amp;quot;http://admin-demo.nopcommerce.com/login&amp;quot;&amp;apos;
(6:2): expected: #EOF, #Comment, #BackgroundLine, #TagLine, #ScenarioLine, #RuleLine, #Empty, got &amp;apos;And User enters Email as &amp;quot;admin@yourstore.com&amp;quot; and Password as &amp;quot;admin&amp;quot;&amp;apos;
(7:2): expected: #EOF, #Comment, #BackgroundLine, #TagLine, #ScenarioLine, #RuleLine, #Empty, got &amp;apos;And Click on Login&amp;apos;
(8:2): expected: #EOF, #Comment, #BackgroundLine, #TagLine, #ScenarioLine, #RuleLine, #Empty, got &amp;apos;Then User can view Dashboad&amp;apos;">
      <![CDATA[io.cucumber.core.gherkin.FeatureParserException: Failed to parse resource at: file:///F:/CucumberFramework-master/CucumberFramework/./Features/Customers.feature
(5:2): expected: #EOF, #Comment, #BackgroundLine, #TagLine, #ScenarioLine, #RuleLine, #Empty, got 'When User opens URL "http://admin-demo.nopcommerce.com/login"'
(6:2): expected: #EOF, #Comment, #BackgroundLine, #TagLine, #ScenarioLine, #RuleLine, #Empty, got 'And User enters Email as "admin@yourstore.com" and Password as "admin"'
(7:2): expected: #EOF, #Comment, #BackgroundLine, #TagLine, #ScenarioLine, #RuleLine, #Empty, got 'And Click on Login'
(8:2): expected: #EOF, #Comment, #BackgroundLine, #TagLine, #ScenarioLine, #RuleLine, #Empty, got 'Then User can view Dashboad'
at io.cucumber.core.gherkin.messages.GherkinMessagesFeatureParser.parse(GherkinMessagesFeatureParser.java:43)
at io.cucumber.core.feature.FeatureParser.parseResource(FeatureParser.java:45)
at java.base/java.util.function.BiFunction.lambda$andThen$0(BiFunction.java:70)
at io.cucumber.core.resource.ResourceScanner.lambda$processResource$1(ResourceScanner.java:79)
at io.cucumber.core.resource.PathScanner$ResourceFileVisitor.visitFile(PathScanner.java:75)
at io.cucumber.core.resource.PathScanner$ResourceFileVisitor.visitFile(PathScanner.java:60)
at java.base/java.nio.file.Files.walkFileTree(Files.java:2810)
at io.cucumber.core.resource.PathScanner.findResourcesForPath(PathScanner.java:53)
at io.cucumber.core.resource.PathScanner.findResourcesForUri(PathScanner.java:31)
at io.cucumber.core.resource.ResourceScanner.findResourcesForUri(ResourceScanner.java:61)
at io.cucumber.core.resource.ResourceScanner.scanForResourcesUri(ResourceScanner.java:134)
at io.cucumber.core.runtime.FeaturePathFeatureSupplier.loadFeatures(FeaturePathFeatureSupplier.java:62)
at io.cucumber.core.runtime.FeaturePathFeatureSupplier.get(FeaturePathFeatureSupplier.java:45)
at io.cucumber.testng.TestNGCucumberRunner.<init>(TestNGCucumberRunner.java:122)
at io.cucumber.testng.AbstractTestNGCucumberTests.setUpClass(AbstractTestNGCucumberTests.java:27)
at java.base/java.util.ArrayList.forEach(ArrayList.java:1511)
... Removed 28 stack frames]]>
    </failure>
  </testcase> <!-- @BeforeClass setUpClass -->
</testsuite> <!-- Surefire test -->
